160
4 441 496 493 491
4 423 489 488 487
4 420 485 483 481
4 369 480 479 478
4 333 477 476 471
4 286 470 469 466
4 252 465 464 458
4 197 457 456 440
4 196 436 435 428
4 190 426 418 417
4 97 416 415 413
4 93 408 406 404
4 35 402 398 393
4 28 389 386 383
4 482 354 382 381
4 326 308 380 374
4 300 327 370 368
4 165 366 357 355
4 47 340 349 346
4 33 248 344 343
4 12 316 342 338
4 454 468 335 331
4 421 347 323 321
4 330 295 318 317
4 322 407 314 313
4 315 378 312 309
4 306 289 305 303
4 299 259 297 296
4 279 411 293 291
4 256 185 290 287
4 21 160 281 275
4 14 390 272 270
4 1 112 265 262
4 492 375 260 257
4 414 311 255 253
4 358 60 250 246
4 352 387 243 241
4 334 193 239 238
4 212 463 232 229
4 189 371 228 227
4 154 409 224 223
4 86 353 222 220
4 17 225 216 215
4 7 455 211 209
4 495 175 206 205
4 484 0 202 194
4 462 52 191 184
4 443 240 183 179
4 410 298 178 176
4 337 451 173 171
4 319 329 169 168
4 301 266 167 161
4 213 158 157 150
4 182 147 146 145
4 170 429 143 142
4 156 231 140 137
4 141 292 135 134
4 120 219 133 131
4 73 388 130 127
4 72 362 126 125
3 64 89 87
3 11 123 57
3 486 111 122
3 475 5 118
3 452 376 110
3 448 218 172
3 434 263 136
3 350 360 37
3 310 412 247
3 264 234 74
3 261 445 85
3 221 472 332
3 210 439 82
3 166 155 103
3 113 437 69
3 108 177 56
3 48 214 302
3 38 324 453
3 499 498 395
3 473 430 474
3 433 187 307
3 419 15 77
3 405 277 377
3 396 258 39
3 385 288 217
3 367 181 115
3 356 20 432
3 320 467 116
3 273 438 6
3 271 449 397
3 249 236 186
3 208 459 54
3 199 431 25
3 61 447 79
3 34 391 159
3 19 336 304
3 497 268 461
3 444 403 373
3 442 400 348
3 427 394 284
3 424 294 13
3 422 345 139
3 399 283 282
3 392 278 235
3 384 230 401
3 364 192 3
3 351 188 117
3 328 242 31
3 276 91 90
3 203 149 251
3 201 55 274
3 180 105 460
3 163 10 363
3 162 121 204
3 99 490 446
3 71 494 325
3 65 450 285
3 24 379 164
3 23 425 339
3 18 361 280
2 8 365
2 372 359
2 341 254
2 269 267
2 245 244
2 237 233
2 226 198
2 207 153
2 200 151
2 195 174
2 152 148
2 144 132
2 138 129
2 128 124
2 119 114
2 109 104
2 107 101
2 106 100
2 95 92
2 81 78
2 80 76
2 70 66
2 59 50
2 46 45
2 44 27
2 41 40
2 36 29
2 32 26
2 22 16
2 102 98
2 96 94
2 88 84
2 83 75
2 68 67
2 63 62
2 58 51
2 53 49
2 43 30
2 42 4
2 9 2