160
4 22 496 60 80
4 62 489 488 1
4 40 485 149 365
4 144 243 479 414
4 456 453 473 259
4 2 76 148 132
4 462 465 466 458
4 390 119 109 44
4 183 352 435 293
4 416 426 222 417
4 94 198 23 207
4 8 27 237 26
4 269 484 470 393
4 102 389 406 383
4 482 354 382 381
4 191 308 327 374
4 182 469 370 368
4 165 366 357 355
4 244 340 410 349
4 193 248 255 153
4 12 316 342 338
4 226 468 335 174
4 421 347 323 321
4 330 295 318 317
4 322 173 229 313
4 315 84 312 309
4 128 289 305 303
4 299 49 297 296
4 138 411 81 70
4 250 372 202 98
4 21 160 281 275
4 14 440 272 270
4 30 112 265 463
4 492 375 260 257
4 4 151 200 253
4 387 45 460 246
4 436 358 16 241
4 334 380 239 457
4 212 107 232 314
4 189 66 481 343
4 154 287 224 223
4 24 59 233 32
4 17 225 216 215
4 7 455 211 209
4 495 175 206 205
4 114 0 290 194
4 50 52 245 184
4 443 240 487 179
4 95 213 178 291
4 227 451 124 341
4 378 329 169 168
4 267 266 167 129
4 398 158 493 150
4 78 147 146 145
4 170 429 143 142
4 156 231 140 137
4 106 292 135 134
4 120 219 133 131
4 73 388 130 127
4 72 362 126 125
3 64 89 87
3 11 123 57
3 486 111 122
3 475 5 118
3 452 376 110
3 448 218 172
3 434 263 136
3 350 360 37
3 310 412 247
3 264 234 74
3 261 445 85
3 221 472 332
3 210 439 82
3 166 155 103
3 113 437 69
3 108 177 56
3 48 214 302
3 38 324 344
3 499 498 395
3 408 430 474
3 433 187 307
3 419 15 77
3 405 277 377
3 396 258 39
3 385 288 217
3 367 181 115
3 356 20 432
3 320 467 116
3 273 438 6
3 271 449 397
3 249 236 186
3 208 459 54
3 199 431 25
3 61 447 79
3 34 391 159
3 19 336 304
3 497 268 461
3 444 403 373
3 442 400 348
3 427 394 284
3 424 294 13
3 422 345 139
3 399 283 282
3 392 278 235
3 384 230 401
3 364 192 3
3 351 188 117
3 328 242 31
3 276 91 90
3 203 409 251
3 201 55 274
3 180 105 238
3 163 10 363
3 162 121 204
3 99 152 446
3 71 494 325
3 65 450 285
3 92 379 164
3 104 425 339
3 18 428 280
2 157 220
2 371 359
2 337 407
2 35 83
2 306 88
2 195 418
2 228 47
2 413 171
2 386 311
2 477 331
2 58 33
2 369 464
2 279 36
2 490 254
2 300 402
2 333 415
2 190 51
2 141 100
2 353 86
2 185 298
2 491 256
2 478 68
2 346 28
2 262 46
2 483 161
2 41 301
2 101 29
2 176 252
2 441 480
2 404 93
2 96 97
2 361 319
2 420 75
2 326 67
2 63 423
2 454 476
2 53 471
2 43 196
2 42 197
2 9 286