160
4 425 354 238 120
4 381 489 488 1
4 40 188 149 80
4 144 243 479 414
4 490 453 473 259
4 339 283 104 132
4 462 465 466 29
4 193 119 109 44
4 183 352 435 293
4 416 327 495 411
4 148 225 23 207
4 8 27 16 26
4 269 484 470 393
4 311 117 152 383
4 53 496 382 17
4 208 308 427 41
4 182 209 370 22
4 374 366 301 289
4 244 340 410 349
4 250 248 141 153
4 454 316 342 338
4 455 92 32 174
4 386 60 163 79
4 330 295 318 317
4 322 173 229 313
4 315 84 312 309
4 128 430 101 164
4 299 49 297 296
4 138 71 81 351
4 390 99 76 100
4 21 160 281 275
4 371 440 494 270
4 30 107 280 201
4 492 254 260 257
4 203 151 200 394
4 387 45 460 284
4 436 358 171 241
4 334 380 239 457
4 212 389 232 314
4 65 198 481 10
4 154 287 491 223
4 230 59 384 274
4 361 161 443 215
4 106 426 73 469
4 131 175 302 205
4 114 0 290 112
4 50 52 245 184
4 497 240 363 179
4 95 213 178 291
4 227 451 124 341
4 24 329 169 168
4 267 266 167 129
4 116 158 493 150
4 78 147 474 145
4 170 429 143 142
4 156 231 140 137
4 237 292 401 347
4 54 91 133 121
4 461 319 130 127
4 72 362 126 125
3 64 89 87
3 11 123 57
3 486 111 122
3 475 5 118
3 452 376 110
3 448 218 172
3 434 263 136
3 350 360 37
3 310 412 247
3 456 408 74
3 261 445 85
3 221 472 332
3 210 439 82
3 166 155 103
3 113 437 69
3 108 177 56
3 48 214 216
3 38 324 344
3 499 498 395
3 372 487 272
3 433 187 307
3 419 15 77
3 405 277 377
3 3 258 282
3 385 288 217
3 367 181 115
3 356 20 432
3 424 467 398
3 273 438 6
3 271 449 397
3 249 236 186
3 226 459 478
3 303 431 25
3 61 447 321
3 34 391 159
3 19 336 304
3 194 268 463
3 444 403 373
3 442 400 348
3 458 66 189
3 320 294 13
3 422 345 139
3 399 446 39
3 392 278 234
3 233 265 211
3 364 192 396
3 70 195 206
3 328 242 31
3 276 219 90
3 46 409 251
3 379 55 335
3 180 105 285
3 191 253 134
3 162 264 204
3 343 406 202
3 388 365 325
3 468 450 7
3 298 262 199
3 355 368 421
3 18 235 378
2 157 220
2 14 359
2 337 407
2 35 83
2 306 88
2 12 418
2 228 47
2 413 246
2 2 102
2 477 331
2 58 33
2 369 464
2 279 36
2 98 323
2 300 402
2 333 415
2 224 51
2 255 146
2 353 86
2 68 135
2 185 256
2 428 94
2 346 28
2 375 4
2 483 165
2 222 357
2 305 190
2 176 252
2 441 480
2 404 93
2 96 97
2 62 417
2 420 75
2 326 67
2 63 423
2 485 476
2 482 471
2 43 196
2 42 197
2 9 286