167
3 119 190 145
3 127 343 50
3 417 65 233
2 94 175
2 62 207
2 284 448
4 291 482 37 306
4 12 163 285 491
4 289 251 307 367
2 78 347
4 172 321 338 189
2 390 198
2 79 40
4 74 276 117 192
3 5 392 116
4 201 382 100 358
2 250 92
2 272 492
3 297 431 498
2 146 218
3 318 241 221
4 123 18 38 486
2 195 350
3 88 429 80
2 204 234
2 398 373
2 456 484
3 160 362 47
3 300 267 177
4 424 21 107 49
3 329 493 103
4 413 211 246 254
4 173 450 11 427
4 440 252 148 153
4 180 243 109 312
2 271 313
2 75 89
3 197 385 391
4 351 262 283 15
3 463 495 476
4 120 19 76 485
4 257 215 245 265
2 238 396
4 311 140 184 39
2 336 446
3 370 6 121
2 302 3
2 196 104
4 314 337 217 384
3 441 53 447
4 361 412 263 44
3 433 99 459
4 411 256 90 0
4 60 161 349 70
3 122 315 227
2 244 273
4 130 478 137 487
2 483 397
2 154 224
3 58 275 494
2 212 342
3 110 423 428
2 27 395
4 461 320 111 380
2 445 388
3 368 420 235
2 108 356
3 414 454 229
3 43 286 403
2 436 220
3 475 444 467
4 23 82 364 381
4 409 66 372 339
3 344 141 7
4 357 115 435 387
2 42 322
4 334 499 328 466
4 87 152 162 52
3 144 114 333
4 188 174 219 28
4 187 128 91 460
2 213 389
4 176 354 10 41
3 126 85 264
2 374 260
3 379 102 150
3 496 236 298
4 63 410 199 331
2 462 369
4 279 9 451 405
3 34 147 71
4 210 294 404 253
2 155 209
3 232 301 371
4 48 8 268 156
4 469 324 223 1
2 54 310
2 20 165
2 438 249
3 319 282 393
3 443 255 383
3 346 432 97
3 457 303 205
4 222 106 45 305
3 98 166 258
3 2 29 181
2 68 33
2 167 468
2 206 490
3 277 341 452
3 488 299 418
2 230 415
4 139 16 239 261
3 216 158 134
2 274 406
4 292 191 59 489
3 317 226 458
4 24 430 25 474
4 194 327 296 67
2 35 281
2 326 193
4 57 135 348 32
3 208 408 138
4 105 242 400 353
3 359 330 51
3 13 247 280
2 4 200
4 96 101 402 340
2 449 84
3 168 26 278
4 442 179 17 248
4 308 477 72 287
2 64 270
3 332 69 416
2 186 481
2 112 269
2 95 30
4 295 365 434 316
3 352 202 240
3 355 309 453
4 426 113 129 14
4 73 169 142 83
2 366 149
3 164 471 237
2 266 455
4 183 363 288 124
4 293 375 185 470
2 394 182
3 55 422 439
3 480 125 259
2 159 118
2 464 131
4 77 437 56 81
3 133 421 376
2 178 86
3 325 399 407
3 157 228 425
2 214 377
3 335 323 231
3 472 304 136
4 36 151 360 61
3 345 170 22
2 479 46
3 31 203 132
4 171 143 225 465
2 497 473
4 93 386 378 419