168
3 232 385 111
4 238 123 439 51
4 376 496 36 445
2 155 482
3 490 400 168
4 457 48 103 220
2 27 416
3 100 125 89
3 21 319 136
4 185 411 354 7
4 151 54 88 387
2 286 382
3 101 198 373
3 422 199 223
2 458 73
2 320 207
4 498 497 26 191
2 378 65
4 344 330 135 488
4 69 20 296 112
2 259 329
3 72 282 227
3 192 362 479
3 24 348 148
2 178 292
2 214 303
3 427 0 159
2 423 380
4 386 341 369 42
4 452 460 270 181
3 157 132 347
2 372 82
4 401 325 13 435
2 45 299
4 415 306 58 47
3 317 453 333
4 436 144 5 353
2 41 113
2 371 95
4 124 403 446 81
4 182 91 456 429
3 117 360 149
4 104 461 40 307
3 250 52 109
4 485 272 499 64
4 208 433 283 459
2 388 426
4 390 265 173 120
3 267 486 349
2 184 421
2 202 34
4 269 364 107 444
3 451 204 398
2 205 50
2 38 318
4 74 176 175 359
3 491 129 367
4 336 489 275 247
2 158 141
2 483 441
4 395 410 481 177
4 183 397 495 419
3 25 2 233
4 221 211 15 22
3 209 77 154
2 472 300
2 252 374
2 108 126
4 350 9 236 431
3 19 345 438
4 476 102 32 29
3 150 340 273
3 99 322 194
4 263 285 4 130
4 241 234 218 258
3 75 237 278
4 357 383 462 316
3 197 393 195
2 449 298
4 145 246 487 474
3 106 11 253
3 128 355 409
3 62 66 450
2 79 166
4 115 49 70 363
3 288 327 225
4 139 261 200 1
3 315 210 96
3 14 235 290
4 160 31 289 328
2 39 331
3 268 389 334
3 187 414 425
4 174 434 86 137
4 392 304 245 338
2 33 217
2 206 248
2 3 277
2 484 222
3 443 133 171
4 291 161 301 122
4 477 384 16 314
4 478 492 80 180
2 93 465
4 10 440 399 85
2 326 23
4 346 164 228 213
3 455 18 276
4 430 366 493 156
4 84 226 323 394
2 335 239
4 83 332 169 17
2 219 254
4 55 134 281 105
2 408 351
2 121 179
3 127 377 402
4 310 428 375 294
3 230 337 255
2 138 309
3 437 266 370
4 215 271 249 365
3 356 420 339
3 279 110 305
3 118 37 61
2 67 264
2 116 313
3 257 293 352
4 469 186 114 308
2 90 405
4 274 165 251 361
3 262 256 448
2 43 68
2 59 302
3 35 8 467
3 475 463 242
2 162 57
2 473 240
4 407 231 260 442
3 447 396 28
2 244 454
2 172 413
2 406 280
4 471 432 368 470
4 417 53 287 312
2 56 201
2 30 381
3 163 358 379
2 46 311
2 189 146
4 391 63 119 44
2 464 78
2 140 153
3 212 87 297
2 224 97
2 131 321
2 12 466
2 404 196
4 295 76 494 424
3 216 243 142
2 170 324
3 143 167 229
3 190 284 468
4 203 480 152 188
3 94 342 71
2 98 418
4 193 147 60 6
3 92 343 412