1628
4 1868 1704 3479 4205
4 9043 2286 2884 5818
3 9998 8694 9877
2 1685 7526
3 3845 9896 1482
4 150 1627 9504 9650
2 6291 9994
2 2769 4125
3 9780 7745 7217
2 574 745
2 397 9783
3 522 9064 7796
4 7316 5775 8991 6254
3 4862 9749 2347
3 1929 5638 8094
4 7112 1987 7905 5035
2 536 5502
3 5628 2575 650
2 1383 4724
4 445 2758 4388 2500
2 2566 330
4 1474 3355 9364 6526
2 7801 2939
2 8110 4283
2 1445 3450
2 3882 7554
4 8291 3354 3137 1838
3 2100 1867 2919
4 5952 1158 7582 6176
3 3063 7183 7126
4 5872 1905 883 9663
2 55 2469
3 2753 6156 9833
4 7646 5 4691 5013
3 8373 6838 1037
2 2177 2542
4 6056 4581 5761 9744
4 5780 4116 4870 1705
3 6467 7355 7876
4 5331 7127 4996 3101
3 9012 9695 4418
2 2854 1676
4 4679 3365 2855 520
3 3750 2525 1129
4 3461 8887 6900 4778
4 7880 7387 9941 3641
4 7769 4223 7893 5268
4 7621 8324 4169 9209
2 3484 643
2 9569 4386
2 4874 5390
3 1543 3791 1880
2 3677 7435
2 5654 680
2 3918 2912
4 9991 3448 6277 4950
3 7108 5005 5850
2 1689 9923
4 5010 4006 2123 2255
4 7630 9686 526 6059
2 1923 3091
2 429 3968
3 4464 9933 4181
4 6326 7642 729 2883
3 3756 6960 8462
3 1663 8468 3558
2 8884 3838
3 9451 3245 4521
4 3423 466 9293 7539
3 4256 9515 4507
3 6872 5751 8463
2 2942 1464
4 5036 2605 358 3153
2 7205 4612
2 8543 5466
2 8715 6860
4 6293 1881 5061 5445
2 9093 9549
2 6339 4758
4 7286 2903 2550 4600
2 6485 6353
4 5561 9806 6986 7594
4 4027 8859 2358 2719
2 1958 1708
2 3560 8987
2 7356 1835
2 9827 2765
3 5322 3653 7786
2 4184 7628
2 1551 3176
4 4787 3129 3499 1195
2 487 2640
3 9104 165 7542
3 5798 6203 5327
3 950 3122 8318
3 5881 8867 6394
4 8389 7326 412 4325
4 8047 6759 1379 8683
4 3804 2474 6244 5918
2 4589 4684
4 9638 7965 6808 3878
4 2113 2249 6066 288
3 5212 2870 3422
2 6937 585
3 8668 7951 6441
4 4696 2075 4331 2835
3 4471 6941 4002
4 9192 3015 9612 5791
3 992 4311 8112
2 3490 2941
2 9690 4797
4 5788 6218 6501 8241
2 927 2798
2 201 2658
3 9388 615 6229
4 2197 4324 5841 4553
2 9564 9811
3 646 730 8070
3 3056 2572 9194
2 7021 7723
2 9119 1168
4 6854 3124 6403 8011
4 4445 6491 7076 2923
4 4904 4157 3419 2065
4 9997 5562 7568 2345
3 8304 2524 9014
2 9035 4856
3 6597 3857 4683
4 7342 1053 2464 1462
4 2478 4215 2367 6531
3 7953 4425 5510
3 1368 3359 3467
2 7690 5969
4 858 8059 6464 1457
4 8293 6370 8951 439
3 4166 3076 1110
3 9317 2651 6164
2 7090 8784
4 4760 5442 9241 7130
2 4046 6807
4 2400 5141 2198 3114
2 1307 6054
4 5757 4403 2554 7192
3 8875 8159 6279
3 779 9565 3794
2 6818 5859
3 3445 372 3623
4 8778 5366 8261 6067
4 488 7982 5242 583
4 41 2196 8479 8555
3 4391 5101 8276
3 9351 9894 6883
3 6863 4604 5975
3 3933 7721 391
4 6557 8940 7856 4925
4 3474 7492 2716 7543
3 6762 4121 5925
3 6486 9126 4642
4 1046 8275 7267 3342
3 5006 9108 6116
2 7304 2803
3 6226 1697 3142
3 7007 9145 9960
2 2112 2061
4 1197 1595 418 5518
4 2014 4588 5232 6832
3 4094 5933 2006
4 2614 7212 5025 3239
3 3034 6220 163
4 5347 2448 6813 4935
2 8906 2228
2 9367 4946
4 5853 6115 9540 2269
3 58 8343 3884
4 6385 6783 5423 2692
3 1308 2091 4566
4 2731 1252 4878 8476
2 5440 5408
2 9819 379
4 1829 5250 8136 7599
2 6155 2551
4 6940 9852 567 393
4 8311 7489 3948 6171
4 3305 9577 9575 5119
3 6882 9054 4702
3 6523 2702 4739
2 1281 6870
2 7052 9853
2 8717 8771
3 4153 5760 5920
2 6717 5671
2 2707 8959
4 3687 1301 3737 6022
2 1662 374
3 1491 212 3377
3 2473 580 3801
3 1928 4404 6034
2 2303 1578
3 1083 3043 1349
3 6374 9261 9829
4 2589 2880 5641 4109
2 7200 1820
4 6982 6449 9131 5234
2 6327 7478
3 4207 761 550
2 1596 245
4 9671 6204 1131 6125
4 6234 7008 9329 9107
2 5081 2532
3 3161 7220 5809
3 5516 8014 2002
2 2365 981
3 3437 129 6852
2 3908 4243
2 6739 6890
3 2393 1653 3472
2 7826 1277
3 1164 5773 8882
2 8331 2793
2 2459 9505
4 5285 5385 1757 6281
2 8339 4776
3 9365 3730 159
2 6011 199
3 3175 1561 1845
2 8023 3109
2 1291 607
2 2081 223
2 2021 141
2 944 7362
2 93 4449
3 7956 4819 599
4 1941 714 5547 6670
4 2779 6272 659 1266
3 9710 9772 7806
3 7360 4774 6684
3 2325 3328 6513
4 6363 9713 2546 455
2 8260 9774
2 3821 3331
2 8810 5447
2 6928 143
2 3727 3156
4 8549 4964 423 9922
3 2319 9793 3548
3 3912 8404 6774
3 6245 6566 5517
4 1188 6727 3469 4136
2 1857 7887
4 3812 9004 1226 4703
4 7508 2118 805 1953
3 4587 3538 1097
4 9885 9601 9517 1499
2 7602 6396
4 667 7311 5200 7147
4 7980 1104 2847 1661
3 5434 2628 9906
3 5489 8466 773
2 8522 3919
2 7033 5530
4 1931 6799 3512 1174
2 8493 5118
4 958 784 461 8187
4 3720 9613 8846 8608
4 2128 7746 5686 4059
4 3541 459 744 1207
3 661 7274 8303
2 6781 8665
4 4545 7275 1215 8680
2 5789 6821
2 1244 1536
2 5267 1255
2 806 9013
2 9395 5413
3 5947 2951 5531
4 3116 9133 1238 3251
4 7038 1995 9393 545
3 6004 8566 4975
2 3688 8649
3 5276 1564 7480
3 2957 7656 7695
3 7605 1468 7596
2 9918 8052
4 6648 2276 5898 6029
2 2514 6070
2 7155 5137
4 3178 9633 9968 6678
4 9211 1902 6570 5105
4 6586 1763 5177 3038
4 6101 6131 8945 3543
3 2519 50 4334
2 3210 1014
3 5733 6308 4008
3 5623 8727 1815
4 4375 6952 8598 1801
2 8065 9694
3 1971 8833 5054
4 5766 2436 2520 287
2 4057 8246
4 113 3128 915 997
4 8523 9967 8963 4387
4 7757 1008 5922 7567
3 6785 9946 1630
3 7332 7423 8156
4 8531 741 6360 8392
3 2771 831 6992
4 2958 5895 2591 9693
3 6746 951 3375
2 5027 6713
3 4179 7703 138
3 5869 4148 1137
4 5802 7169 558 6323
2 4872 6847
4 3179 7496 320 6016
4 7170 2395 3556 49
4 1602 6519 4400 9291
4 653 7657 9443 1679
4 2792 6623 9469 1899
3 8903 3269 1890
3 6800 5132 8273
3 1810 798 1910
2 2720 3998
3 8669 6372 5883
4 4614 9180 2875 4411
2 1800 4458
3 9208 3907 8633
2 3561 6927
4 3661 504 4982 7672
4 8766 7232 4849 6975
2 4248 8914
4 3739 1860 6985 2850
4 7270 8678 3671 29
3 5292 7116 4216
4 7752 4753 123 1667
3 3773 5999 2101
4 6111 4853 5860 2372
4 7894 674 2218 530
4 9159 5406 5344 2476
2 9112 1033
3 2273 7603 4170
4 8186 5076 8538 7143
3 5643 5302 8192
4 8654 1166 3540 3017
3 4805 737 6211
4 2694 5815 1994 2039
2 5949 9522
3 5844 47 1839
4 4903 7908 5032 8480
3 3097 7925 3609
3 8046 6584 5417
3 5328 5395 7107
3 4895 2982 1213
2 7772 3390
3 3726 8095 4452
3 4548 9716 7313
2 5020 697
3 6362 803 9754
4 7344 6047 5810 6908
4 7284 693 5794 3672
4 5092 7079 1021 2797
4 9117 696 1518 5626
2 236 6729
2 6666 3160
4 6335 7997 1056 8029
4 112 310 3189 2573
4 834 5939 3384 2248
2 4212 5437
3 5237 7083 6404
3 6562 2327 5055
3 2051 6719 1734
4 8033 5346 4421 1106
4 8893 4867 6124 5927
2 4041 8636
3 5003 6819 8041
4 2864 4530 764 8734
2 8896 409
4 2235 1365 5574 8239
4 3312 4451 2279 3349
3 795 7031 4253
3 3073 8886 7743
4 9465 5394 2472 1797
2 8096 7407
4 3196 8386 5730 2381
3 2782 2169 8805
3 7632 716 4055
4 3062 4460 8931 7873
3 1315 497 224
4 3260 9636 3030 7845
3 6628 4615 3656
2 4808 421
3 35 766 947
2 8195 8748
4 8089 4960 9685 9299
4 1155 4000 9720 3276
3 1727 1620 8274
3 6346 4444 8673
3 7945 9078 7534
4 5468 8077 7976 9672
4 5037 9797 6319 9562
3 4296 7297 3684
3 546 9520 1221
2 7389 5454
3 293 4086 2163
2 1588 7084
3 2724 5957 2898
3 8487 6537 9414
3 747 4889 5848
4 8706 5991 3658 8092
3 1022 1979 6113
4 8049 3378 1319 6967
2 3953 1542
3 8942 1323 7334
3 6681 7165 2288
2 3432 3797
2 9319 3146
3 3742 816 621
3 2849 8760 8430
2 9903 1394
2 8036 5463
4 164 7479 2050 182
4 8624 5062 2846 1871
2 9824 3943
3 7452 6702 5941
4 896 5945 3751 6512
2 319 4559
3 9292 4099 6622
3 6001 822 4932
2 4346 7970
2 2058 3302
3 496 971 6118
4 5774 9970 8699 1378
3 2331 4915 2251
2 1919 232
2 9680 4822
3 5355 6044 3761
2 2734 7330
3 6543 1674 2569
2 4287 5863
3 1034 3603 4473
2 99 9366
4 5481 5712 4299 4409
2 4461 460
4 4167 2743 7388 230
2 5047 1609
3 1796 2922 5522
4 411 3707 5636 5451
3 5801 1865 9516
4 9189 4237 733 64
3 7238 4017 684
4 2746 6861 465 9643
2 2721 442
3 4035 8294 9221
3 3121 7279 4633
3 3287 8496 2125
3 4419 8681 3515
4 4180 1962 9814 5602
2 4456 4020
4 7262 9615 819 5253
2 9542 6624
4 5349 6041 7190 9122
3 6665 8856 8754
3 8431 5497 8611
4 7691 4132 2821 3667
2 6507 5110
2 4260 694
4 7037 1293 4463 2944
3 2570 2492 8795
4 5793 5283 9882 9382
3 1059 8841 8857
3 902 8232 2794
4 9760 9588 9195 3734
3 1431 3098 1077
2 4841 9899
2 501 5465
2 930 2777
3 8013 5676 95
3 5533 1670 2116
4 9352 4271 2949 6002
2 5295 4766
3 7118 8097 9808
3 1377 3165 4887
3 5921 3067 2475
3 6328 9359 6471
2 6675 5539
2 1691 6483
3 1720 7134 6336
4 157 4948 7449 1875
3 2084 1472 8264
3 7252 6616 7808
4 4366 1985 3991 2683
4 5387 4188 7851 4294
2 380 1560
2 5436 8209
4 2567 1285 623 7265
2 5168 6459
3 3966 7080 3938
2 2496 2052
2 7927 4052
3 3910 7470 1035
3 7944 3011 8107
2 1475 243
3 8653 2131 587
4 128 9721 7978 9529
2 4585 3341
2 9411 4257
2 2119 7287
4 9034 3820 7846 4345
3 6694 4978 7762
4 8989 4191 9707 7583
4 7276 2781 548 7785
2 5825 8414
4 8917 3380 6693 9934
3 8529 8223 1644
3 2750 3565 7045
4 7871 148 5929 3614
2 9171 1483
2 7699 9397
3 68 8506 9155
3 2391 3939 851
3 7923 6990 6228
4 5415 6793 5262 7
4 2054 5682 4989 4474
2 8234 9378
2 562 1894
2 9283 9795
4 7282 3951 7475 8558
4 5014 3106 1597 4122
3 1149 8596 5233
4 8735 1556 6998 8235
4 1698 4045 7729 9984
4 8062 7828 9747 8358
3 5097 4093 2822
3 6160 2141 8410
4 326 7243 6490 9455
2 7092 8936
2 4010 7499
2 8700 5625
4 6423 211 7486 8742
4 5367 6703 8691 4659
4 1992 4565 368 2386
3 6919 5461 7030
4 7069 8128 72 5731
3 1224 3841 5370
4 4012 9146 2466 8586
2 4998 7981
3 7258 74 9339
2 5194 6728
2 8467 2087
3 1448 967 4984
3 5189 239 5215
2 9088 1376
4 9640 2020 669 7995
4 3646 6275 3842 2811
3 7370 7666 5934
3 9290 1179 1317
3 9374 8705 4967
3 5754 8853 8544
4 5695 9032 6741 5248
4 1359 7619 9426 3075
3 9020 6 8161
3 8746 3800 3213
2 972 5618
4 5892 1522 4447 9083
3 5744 7051 5239
4 3552 1417 3180 5972
4 2240 85 2766 688
3 260 3222 125
4 1968 2443 5713 6822
4 9409 4533 4748 914
4 9626 1657 7839 3549
4 1115 4239 3105 7581
3 5603 1490 1900
4 3074 2625 8243 5371
4 7892 3143 6225 5026
3 6997 6391 9706
4 9546 691 3374 6474
4 7068 3692 2819 6826
4 8031 1495 5661 3574
3 8278 2507 8723
2 2990 8814
2 1217 480
4 5807 7105 8984 5255
4 9975 8005 3325 928
3 4004 1562 7988
4 4101 468 1088 6943
2 8878 8352
2 9897 2911
2 1964 3837
3 3655 328 9530
3 3819 7221 7556
3 2708 1660 1779
3 9356 9082 6184
3 263 1903 5973
3 6183 3291 6796
3 1152 2009 5063
3 4906 9881 6196
2 1 9857
2 2022 3642
4 1915 3930 5698 2515
4 2917 5261 874 2983
2 9802 2289
3 3896 4097 901
3 7907 4971 2384
2 3235 8521
4 3396 5379 6865 2645
4 2533 9390 5887 1537
4 5134 6358 6076 4726
2 1029 547
2 2366 6019
2 8880 5304
4 3408 3008 9717 726
3 8568 1183 9810
4 2991 7484 2562 2010
4 8402 8935 6794 709
4 7702 9796 757 4344
4 7820 6705 9804 3252
4 9472 1724 6664 8502
3 1918 5418 9444
2 3935 6312
4 7487 9446 3649 3689
2 630 5332
4 5805 7787 6432 3471
3 1485 8944 6106
2 608 6574
3 5067 9148 482
2 3928 3769
4 4784 5823 1314 5658
3 2144 6804 3264
4 5670 2868 7504 7629
3 4651 3489 80
4 6983 8639 9983 7505
3 7302 383 4654
3 5405 9978 7879
4 6659 2565 1798 7025
4 1950 7680 7962 6580
2 7827 8768
2 3459 8103
2 7193 702
2 5038 7006
3 4258 6780 6942
2 7113 3060
3 4938 56 7042
4 9322 3172 8108 3383
4 433 5615 5086 1888
3 7501 9925 4995
2 6994 7204
2 350 1399
4 7280 4056 2172 613
4 1811 2861 8710 400
3 9003 1656 5078
2 1767 5591
2 2420 7774
4 8797 7933 1728 356
3 1885 9834 9331
4 9662 8010 9734 4229
2 4829 2309
4 9018 3685 6052 4798
3 63 9511 6313
2 8481 1062
2 7046 3715
4 3611 7706 5854 7840
4 6013 4355 2981 886
2 4513 3147
2 3970 8433
4 1437 3338 5808 153
3 5889 8625 9846
2 635 2340
2 4360 43
3 5340 5822 3358
3 5576 3768 8729
3 9401 3598 2749
2 7469 6438
4 5621 2247 8025 4802
3 6755 9553 6085
2 4710 9328
4 8263 109 3397 3702
4 1773 2268 5425 3367
3 6345 9596 4076
4 3191 791 9168 4209
2 9891 3216
3 9074 2603 9338
3 2332 3506 4044
4 7812 4738 7592 1350
2 2772 2394
3 6105 6894 6880
4 5407 6200 7248 8148
3 632 8660 2427
4 5596 3167 910 2521
4 9732 5303 3620 210
2 2965 8040
3 6661 7352 4317
3 3782 1478 2674
4 8322 5074 9576 2887
3 1299 5357 2447
4 6521 5631 3185 3212
2 7530 6208
4 5191 9700 7635 4306
2 8382 4348
2 7517 8071
2 1759 1211
4 5265 9645 7228 1752
3 7967 8834 8548
2 294 9552
4 6903 7544 9955 4951
3 6556 5847 8401
4 4218 6332 9439 2780
2 2778 1449
4 541 1240 70 9072
3 2537 589 1749
2 2298 8494
3 7733 3810 7285
4 6600 8850 7548 9320
2 2506 3978
4 9728 1952 7417 7414
4 7755 5338 8788 8594
2 2378 352
3 1094 5095 4114
2 5282 970
2 2663 6591
4 332 6250 8772 7550
3 9333 6506 7283
2 9248 2571
4 9005 8707 3318 4583
4 8026 6246 7789 6889
4 9536 1859 9434 4789
4 2124 7841 4438 2787
3 4769 8355 8012
4 4326 4310 1023 6162
2 4092 4343
3 1775 1681 7884
3 1587 2648 2934
3 414 8701 9895
3 3292 5537 9249
4 8238 6708 830 4142
4 4672 3096 1145 8225
4 792 6193 2334 9579
2 7727 6879
2 897 4501
2 7637 308
4 7644 6286 6974 1453
4 1027 5907 9481 5333
4 2826 3420 5896 7338
2 351 925
3 1804 2346 9870
4 3035 5884 8262 15
4 2107 678 1241 7626
2 8547 4062
4 2139 2706 7301 781
3 1648 4187 7445
4 4865 3111 478 7333
4 2709 3945 4047 8061
2 4341 5187
2 2110 1414
4 6504 3798 9949 271
4 7431 1532 6238 8078
3 864 5176 5633
2 1205 6884
4 6099 8824 2013 8958
4 5767 299 4976 4973
2 5917 7294
2 3429 3065
3 6090 6145 5535
2 4687 5358
2 3502 2486
4 578 2108 2274 2600
2 3973 5209
4 7869 1983 7115 7807
4 7373 5218 5433 7985
4 2293 1439 5271 444
2 3764 5263
2 5339 4087
4 2320 1382 7798 9251
3 6284 4155 3874
4 7916 4622 6922 9600
2 9902 8301
4 6851 3827 9129 8618
2 8295 6789
2 7011 1012
3 2336 6999 3162
3 5541 1933 2895
3 5169 9271 2482
4 7952 9360 5210 1998
4 6738 9912 1086 517
4 4943 7553 6615 1639
2 2882 8758
2 6045 3861
3 6673 5826 1125
3 7056 3225 6797
4 5553 5197 3916 870
4 3360 1358 9632 3719
3 5301 7618 8286
4 9053 6294 4293 2583
3 195 4648 5851
2 499 365
3 9763 8284 7340
2 9344 7386
2 1742 5803
4 5313 6233 353 7053
4 1846 906 3974 2675
2 3718 7973
4 5611 2862 1608 2764
2 505 37
3 6593 6421 2085
3 9287 8004 256
4 1717 3960 6787 8967
3 4845 9178 8443
4 9787 2072 7358 7562
3 1321 5556 5632
3 8811 9659 6185
2 4676 1830
4 20 1069 321 1507
2 675 3870
4 218 8844 6322 1947
4 168 4693 2423 829
2 1384 3824
2 3159 4103
2 6567 462
4 4221 9302 1799 5846
3 4314 7940 1050
4 7942 8560 787 3713
3 8456 7862 4126
4 4826 756 8079 1334
3 6445 753 2784
4 9227 5192 9507 8054
2 1520 7859
2 5360 375
2 4991 6988
2 8588 9017
4 8314 3323 8228 8803
2 2171 2687
2 2481 1721
3 7705 6536 4929
3 2031 7983 7466
4 6782 5619 4523 3353
3 6448 1677 1274
2 105 3580
3 9886 9200 1467
4 4175 9584 3741 4869
3 8913 9494 2848
4 18 7451 1904 8176
3 5582 9423 7895
2 4265 7448
3 523 9170 3368
2 8637 6351
4 7154 848 9483 2377
4 9214 4664 6104 2599
3 9190 5988 3881
4 2654 8866 6561 2480
3 8067 4708 9715
3 7295 3334 7607
2 8821 4065
3 9031 8272 430
3 7573 3087 426
4 6329 7837 2032 976
4 1325 8231 1072 6098
3 721 2560 7751
4 6151 4367 6192 2686
3 4359 9288 8634
2 2291 9755
3 6477 5609 6135
4 8892 7336 11 2888
2 9358 2650
3 1081 8966 8106
2 5836 3485
4 6278 7485 6084 5978
3 6484 9682 4944
4 7320 3554 4653 5224
3 4952 7041 9419
3 5487 6535 3564
3 8655 9086 3000
3 957 1726 6094
2 406 9775
3 1324 677 7497
3 2361 1479 9281
4 7744 2370 51 100
3 1973 9919 5607
4 3274 7802 8650 6436
3 2596 2995 4282
2 622 1341
3 8751 3996 8425
4 3781 4827 9661 6904
3 6413 5155 7133
4 2593 5839 6609 5770
2 7924 4490
3 3348 5984 7627
2 1692 7178
4 5673 5816 7919 8336
4 8188 2932 3154 7181
3 5981 9371 4579
3 464 7558 4662
3 6073 1480 9585
4 1569 8048 7410 9286
2 8434 8652
4 9644 258 6280 207
4 8147 1276 1719 3888
3 4036 5448 8217
2 3524 926
2 437 398
4 2376 1834 1579 9172
4 7502 122 19 5557
2 1785 7290
3 2742 4764 7349
4 7293 4204 8916 571
4 668 6470 6189 8032
2 139 5660
3 4370 1432 4713
3 899 4511 8394
3 4249 7075 1948
3 9433 3500 7378
3 9187 304 3636
4 2633 5254 3249 2208
4 5178 3337 5986 796
2 8208 107
3 4133 4088 4104
3 4078 5100 2318
3 9015 1527 4733
3 6542 1567 8164
3 4477 8869 8946
3 5681 5293 9376
2 8120 4422
3 7159 7430 5363
3 6299 2635 8682
3 2264 145 7638
4 6424 6868 4644 990
4 3309 364 5926 8590
3 3527 6093 2869
4 9931 1381 8962 5305
3 922 3921 7077
3 8313 2801 3590
3 572 4519 8003
4 9847 4623 7921 8388
3 4818 935 5888
2 9036 5175
2 9169 8158
4 4923 3697 9206 4506
3 7210 6732 1884
2 872 9794
4 1828 3555 9506 1583
2 8207 2527
4 4174 2122 670 7844
3 1405 1937 6469
4 5324 2608 5720 3058
4 9372 6842 7493 1809
4 5532 6966 8500 6850
2 6589 3434
4 5381 561 4613 8372
4 2662 5877 9400 8435
3 4597 7643 121
3 6141 5902 7240
4 4286 8992 8115 6551
3 7005 7066 2015
2 3381 6747
3 4026 1848 9345
4 1833 9471 8556 3404
2 2664 8370
2 9458 6677
3 441 7468 1837
3 1946 3221 6864
3 4780 6425 4880
2 7966 8643
3 3118 5932 9535
4 4379 6930 4486 863
4 6333 4376 7693 5372
3 2955 8200 6412
2 6642 9825
2 6849 7941
3 4186 7424 146
3 6815 1073 4236
2 563 4152
3 8504 5833 3482
2 3174 3170
3 2725 8198 5307
2 8883 3759
4 3859 6544 5488 7713
4 7685 9309 5171 3288
4 5880 9742 6406 2280
4 6061 2294 8645 7688
2 8413 4786
3 9944 9718 1039
4 3250 8044 3902 2649
2 3850 1649
3 1914 857 8852
3 3972 4503 5107
4 2455 4848 1243 5467
2 616 4809
4 1637 7576 1113 8830
4 7379 7036 9065 6386
4 3493 2215 7834 7503
3 254 2644 3451
3 5634 1385 3809
4 9611 6722 4321 6187
4 2295 5216 5715 3242
4 4472 1825 7875 4916
2 2873 2969
4 4305 3268 973 2670
2 8354 4750
3 8081 2952 7509
4 9909 8648 7959 6510
3 4018 7458 9830
3 3799 2204 8617
2 3127 177
2 8300 2727
2 6399 7323
4 1434 4162 2526 1017
2 8166 9387
4 8829 7615 3223 2179
4 6987 8250 5960 9330
4 2135 5996 8035 8685
2 5524 8890
4 2063 144 8845 9212
2 5427 5485
2 451 5976
4 1702 2876 337 8492
4 4246 9861 3125 4201
4 9394 1389 30 5089
2 772 7707
4 1954 4763 4127 9945
3 8876 6020 8365
2 2796 9786
4 6547 8672 2307 5706
4 9619 2620 7163 7418
3 9604 6265 5866
2 6951 3054
3 859 2277 5287
3 3231 416 9425
3 9766 3853 9415
4 2079 8528 6014 5122
3 9191 1451 251
4 3283 9407 5953 5273
4 6126 7471 8888 4390
3 8976 2156 4900
4 908 4492 2287 591
4 8922 982 87 4508
3 5500 7215 7461
3 2659 7125 2270
2 4630 5655
3 4230 3093 2502
4 1747 8777 6736 1510
4 5804 3813 1516 9993
4 6621 2937 7233 7026
2 510 6514
4 5391 6768 5990 2401
2 4252 9976
4 1118 8242 527 9859
3 5525 2168 3104
4 5745 7864 3024 5083
4 8268 4112 9649 6463
4 4892 1134 1864 2083
2 3475 9607
2 602 2140
2 6901 9355
4 3488 3760 6843 9340
4 736 24 116 7264
3 5962 5398 9687
3 5007 5696 4611
4 156 1718 457 3206
4 5294 3605 9681 2430
2 4459 853
4 8350 8170 820 9498
4 8119 6568 7595 4141
3 7137 3356 9892
4 4304 6298 9285 9185
4 4193 343 5195 7016
2 9557 7670
3 3007 4131 3891
4 4106 5416 94 8385
4 5613 4701 3042 6207
3 7426 4911 2165
2 4637 8926
2 9375 8769
4 7519 7381 9300 946
2 5630 131
4 1766 3776 9182 4
2 234 6848
3 8458 4680 2379
3 843 2534 2095
4 270 1279 5567 7123
2 7111 3473
3 53 4480 4338
4 9127 3263 9369 1269
4 3462 7153 4203 877
2 7467 5135
4 4308 4312 2188 5428
4 1032 2634 9889 7101
4 9924 7463 919 6190
4 2146 9544 817 6626
3 3833 8865 5521
2 1045 6489
2 1184 8687
4 3663 6317 5783 1054
4 1819 9123 3197 3679
3 4373 5199 8329
4 1571 5458 6524 1343
3 8614 6009 4918
3 2775 6311 4628
2 5258 5356
3 6058 3468 7525
2 4300 3806
2 5133 3788
2 7810 5627
4 8424 8526 866 8058
2 3924 4791
3 4192 2580 5121
3 2684 1641 597
4 5120 4670 6369 4790
4 7327 5000 8237 598
2 9254 7881
4 6367 3195 8816 9958
4 4527 6072 6918 1573
3 1778 5935 9447
2 2996 7187
4 7400 386 6913 1768
2 7010 6862
3 9468 334 329
3 4102 61 6420
3 2696 1700 1944
2 8172 1004
3 1917 7667 1204
4 8436 8854 4953 3350
4 3317 2610 4240 4432
4 631 7661 2385 2790
4 476 1403 1619 815
4 3199 4767 6129 6172
4 1628 6688 8283 6752
3 8510 7911 1932
2 240 9578
3 2817 3542 1770
3 5476 5724 2611
3 6969 5455 537
3 8752 9385 2460
4 3686 8226 4417 9817
2 4337 233
2 9480 1687
2 1363 3158
3 5069 808 3069
3 3333 2076 9843
3 1121 1577 6025
4 6554 4586 9216 3372
2 642 4994
4 7315 7536 7604 2449
3 9060 9079 9750
3 3578 3295 1646
4 1572 3446 7899 3186
2 130 2219
3 837 6476 3802
2 12 743
4 4974 9871 8851 4770
3 8610 4381 4054
2 1960 3654
4 984 3255 6921 644
3 710 2338 1194
3 3967 2563 9459
3 9887 4535 575
2 4154 8321
2 6643 6771
3 9629 7249 3123
4 8383 7529 4255 961
3 654 1144 9854
3 754 2433 7490
2 6929 9597
4 7177 1284 6379 8099
4 9167 5705 3817 44
4 9422 180 8461 160
4 7173 9956 2745 4646
4 8832 7675 1696 5649
2 1230 1026
2 5057 732
4 6962 6509 3089 9070
4 9114 67 2176 8972
4 7402 3031 6672 6573
4 5937 4003 9022 9476
3 605 4206 3102
4 9361 8870 7791 3200
4 3550 2629 8664 7059
3 4884 1673 603
4 4064 739 2352 4266
4 3570 3458 5650 5351
2 6639 3583
4 5875 6137 4886 8513
3 7754 1461 7103
2 1051 4014
2 8140 8191
3 1563 7634 7201
2 9069 9462
4 1701 6715 1852 4934
2 4082 617
2 4572 6046
3 2588 8975 5594
3 8422 9305 6668
3 4686 9474 570
4 9745 84 5310 8800
3 4049 2161 8615
2 1568 4909
2 9350 3533
2 2457 1318
2 7331 415
2 5930 4060
3 2211 7555 8591
4 5786 4295 284 4435
4 1557 3240 8167 3795
3 9708 7930 8206
2 8720 2865
4 7494 7074 5689 4954
4 5090 331 9076 2867
4 2998 4129 2513 8101
3 8793 6354 5501
4 2700 9075 2149 6128
4 3151 8739 4329 7698
2 5965 7949
4 316 2154 4747 4752
4 6377 296 3085 6827
2 3026 6525
3 6240 2661 4837
4 9236 8964 2586 247
3 1836 4139 5750
2 6175 6079
2 8511 7760
4 1254 1427 9152 1443
2 4772 2673
3 1794 4650 2523
2 7969 1545
4 4509 5236 9307 1253
2 7440 3119
3 2666 934 8861
4 4493 4130 2117 3244
4 2357 618 1901 96
3 4273 6276 2820
4 4730 6455 7437 1528
4 5771 1625 6077 1187
2 5735 4107
4 5145 3818 7394 6447
3 5549 4997 175
4 4510 7455 4939 4135
3 6859 1070 9063
3 994 9666 5753
2 5906 5612
2 2407 1981
2 8444 5728
4 5079 6224 9196 5352
2 9102 7537
3 9538 6798 8009
2 8374 6064
2 9657 9179
4 3785 7606 7549 6829
2 7263 9398
2 3319 3511
2 8317 4728
2 8277 2290
4 4956 4165 1669 9558
3 771 1328 3507
2 9959 2897
2 7184 7191
3 4084 3 2024
3 540 9259 9620
2 1270 719
3 5592 3519 2479
4 4840 436 8 8138
3 3339 4847 2815
4 634 4213 1065 7254
3 7532 1300 8822
3 1360 6273 3361
3 5700 4647 8709
2 6936 8134
3 9461 6696 3310
4 5173 2914 1671 3238
3 9703 363 2909
3 4048 9660 1332
3 3708 8253 2159
4 3606 9219 9009 1530
4 7405 2380 189 3615
4 6081 305 812 5624
2 27 4616
4 6989 273 7427 9473
4 9424 538 301 9252
3 1470 8418 2477
3 5861 5251 2920
3 7770 1420 3633
3 114 7991 1160
3 5792 8045 2839
3 4290 7321 1750
2 3184 4737
3 4779 6906 2409
4 204 9778 8968 5012
2 1812 272
3 9334 1772 493
3 5479 2910 3308
3 9599 5995 3139
4 7522 4617 289 7990
2 298 3220
4 6146 9486 7488 2302
3 5369 8626 1519
4 8168 5674 5897 3826
3 9277 7651 1126
2 7758 8357
3 8271 5890 2258
3 7724 2688 2938
3 8269 9952 531
4 9138 5181 1552 1566
2 4890 6136
4 385 3745 9821 5571
3 3226 1791 838
4 5016 3099 7528 9688
4 5600 6473 8129 1822
2 8165 9964
4 2244 8221 1621 9545
3 8818 5688 6710
2 428 5736
3 8770 855 9282
4 216 6170 5184 1821
4 4814 8718 5997 8175
2 5511 9849
2 4269 2001
2 4678 237
3 8546 1171 6482
2 3329 5734
2 2636 7095
3 7566 1824 6604
3 339 6017 767
2 5604 6776
3 6754 3545 4554
4 6945 943 9051 6180
4 8799 4592 1267 4352
4 5961 340 3746 552
2 2037 1335
4 8380 1223 4328 5368
4 2271 3586 3958 2972
3 5938 6188 9863
4 2487 4468 280 3669
2 3431 5315
4 1220 2389 4828 7992
3 1060 7197 8787
4 9091 5936 8335 8484
3 5075 5030 2053
4 2518 1991 4681 9041
4 789 184 7711 4430
2 7588 5484
4 9776 2728 2597 3470
3 7849 9807 3675
4 8449 7692 1208 6352
4 7728 5554 3057 9265
4 4629 9864 1524 4709
4 2229 4888 0 7419
2 191 8000
4 4053 2737 3766 3426
2 456 9164
4 3783 7028 515 1075
2 2152 8561
2 4134 3016
4 8843 7357 3013 9862
4 3247 949 1624 7206
3 2812 1896 3961
4 4394 6418 2553 8376
2 1854 4927
3 4323 869 6779
2 5678 4238
4 9873 6062 4058 8540
3 7700 4669 5743
3 6530 7345 7742
3 6539 2195 1526
4 3895 1122 9676 8019
3 9099 2004 8501
4 9048 3648 7018 7411
4 6907 966 952 4677
3 3879 7473 7380
2 9325 5096
4 7722 8457 4635 1786
4 9691 6005 161 3183
2 3412 6443
4 4844 3994 8775 2838
3 3955 1975 6069
2 7398 425
2 1760 4431
3 6222 1882 4038
4 1761 5364 8592 6450
4 9709 4123 9550 5393
2 2705 5659
3 2679 5179 6266
4 291 5527 7259 3983
4 728 1737 2823 498
2 5439 7032
3 8662 362 2681
2 2703 802
4 3529 9711 9820 7773
2 5211 579
2 7877 963
3 9603 3577 1109
4 5667 7715 7950 1163
3 9752 8837 7783
4 3476 9942 824 1523
3 2970 7726 7665
3 9746 4590 8738
3 9768 3248 5752
3 7209 3410 7208
3 2180 6503 3987
2 2236 1209
3 9990 6121 6253
2 750 3681
3 8438 8341 5886
3 9865 769 629
2 7337 8847
4 3579 8001 390 9157
4 9204 1028 3332 2594
2 7853 5015
3 9270 449 8747
2 9761 8840
2 4868 2445
4 1494 9973 7234 7098
2 9239 6165
2 895 226
2 2066 833
4 9118 9727 6636 1101
3 6366 9647 4001
2 4947 6428
2 9531 7660
2 723 7578
4 6446 5071 8971 9523
4 6944 1002 7406 3852
3 8259 1665 9220
4 7993 4143 7464 2133
3 3301 1421 4330
2 3640 5059
2 705 8066
4 2755 2505 8759 7314
4 1849 8798 7335 939
3 1740 3498 988
2 2234 7093
3 6107 6381 5260
3 2421 8105 54
4 345 8956 873 2173
2 9045 3532
4 628 4717 9982 2804
2 8247 7794
2 7676 5493
3 7014 387 5170
4 4061 2046 8585 7913
3 2621 1001 8219
2 6148 9831
4 5616 3237 2207 3330
3 8666 2959 5702
2 7196 4740
2 4625 4013
2 4197 9673
4 1533 8477 5243 2183
4 3163 1858 6605 6899
4 1872 282 6527 6235
3 9592 1124 4857
2 708 9589
4 5904 6316 2913 7822
3 6243 110 5679
2 7152 1993
2 5252 1190
2 7709 5172
4 2540 3032 1108 9452
2 1159 450
3 1652 5690 7310
2 2223 8658
3 5389 137 8726
4 718 6947 7376 2842
2 5399 786
3 2425 4401 6296
3 6439 9066 9996
3 6791 3265 7087
2 3386 807
4 9237 9947 3364 2040
4 5270 424 664 7781
4 5154 2281 5419 8024
3 6089 8499 9080
4 1505 2699 7482 9154
2 5400 2833
2 1455 6150
2 4089 8034
2 7305 1364
2 2795 136
2 5548 8638
4 5772 9019 4632 6462
2 4567 4621
4 2297 8562 3778 2178
2 2672 2558
2 6875 179
4 665 2930 4195 8722
3 2785 4846 7717
4 3157 2136 8177 9137
2 7739 3082
4 7622 5319 3610 8230
3 6147 762 346
3 2055 3436 7022
3 4453 7610 4582
4 1484 1997 8622 8696
2 5923 4196
3 7788 4030 8316
3 7590 8116 4228
2 1549 2539
4 5136 9610 6546 6324
2 7446 5578
3 5159 633 2967
2 2257 4804
2 1826 768
3 9874 1287 832
2 964 1294
2 9658 6042
2 4050 6579
4 9149 3784 1040 8606
2 6614 1098
3 9929 2326 4598
4 1229 440 8525 4983
3 6231 4744 4478
4 8731 4342 1348 2964
3 9049 2047 1395
3 1517 6533 2027
4 6201 5070 7954 6010
4 2671 8020 3009 8146
2 2852 6414
4 3029 6383 3659 1612
4 2622 8407 4576 1695
2 5565 2328
2 1606 1245
2 8447 5914
3 7253 1278 5966
3 2231 4042 9046
3 8877 4457 5193
4 5662 4931 7538 8213
2 3825 2788
4 2127 9011 2402 276
4 3415 5878 5598 9771
2 3770 7429
3 4412 639 751
4 3131 7749 4467 3591
3 2406 1288 2510
3 2828 3595 9595
4 2627 7577 6120 9315
4 8589 1393 3796 5725
4 4289 7460 2329 1074
2 5150 8604
2 9353 8537
3 9499 9183 8452
3 1622 945 8954
4 782 1189 5337 780
2 475 1544
4 3880 2488 7291 1686
2 9442 1169
4 9492 2237 5909 554
4 5820 402 3627 3126
4 809 788 2989 6770
3 2754 700 2193
2 1634 7393
2 6343 360
3 3950 1806 9913
3 9790 3259 3014
2 1373 3443
4 5018 170 9985 3296
3 8280 103 8794
4 1789 147 8251 8408
4 3678 4039 6152 4723
2 3693 5683
4 7224 3563 2086 5784
3 6540 4098 529
2 5908 6214
4 1372 4494 6954 6161
2 1345 9773
2 9275 6802
4 878 849 1099 2005
4 918 1095 4537 882
3 7397 1771 4156
4 2827 4704 8257 90
2 9799 8464
2 8933 7559
2 7250 5065
4 3036 4756 4505 1280
4 1570 3362 453 4930
3 8132 8281 3736
4 1201 9683 8609 8704
4 7984 6564 7936 612
3 357 5306 2115
3 8356 7689 9977
3 202 1105 9872
3 590 5779 7902
3 9441 7934 5486
2 8990 9142
4 4362 6191 2335 2808
4 3285 3980 4189 6102
2 2956 1715
2 1534 2429
4 3530 3347 8323 8417
2 1120 2497
3 6212 5587 7132
3 9679 8632 2579
4 1327 7374 9641 5716
2 9232 6400
3 4443 7655 7244
3 7202 134 9668
2 8763 9625
3 1340 9081 4619
2 7420 8891
2 7780 9704
4 6757 3711 6740 4261
4 1322 9828 4987 57
2 5275 7645
4 6384 1249 6726 5109
3 7438 5246 4270
3 3740 1722 215
4 6427 8214 6959 7771
4 5044 4876 2375 162
2 6912 1626
4 3858 5617 7382 1790
3 6724 2435 6993
2 3714 4222
3 209 7119 699
3 9634 903 1091
2 3631 8997
4 133 7048 9363 1869
3 1594 3899 3418
4 9816 1548 1707 1225
3 5817 2744 413
2 1754 2285
3 7104 31 5229
2 6895 582
2 2587 8437
2 8831 174
4 2722 871 5944 5286
3 3585 4528 6173
4 1111 9057 840 3917
2 6387 9260
3 6496 342 3483
4 1200 2774 1258 9646
2 5692 6158
4 4557 3052 8885 8387
3 7441 491 7766
2 5314 208