1628
2 8938 1569
2 8154 6451
2 2372 772
3 2114 2071 8849
2 3347 9789
4 8242 8268 187 2201
2 3232 1001
4 7533 7276 1044 7658
4 5066 308 3620 370
4 8076 7283 7953 6515
4 2744 9959 7046 9233
3 368 3970 5959
3 546 7999 4363
4 5613 2561 406 5249
2 3070 5457
3 6444 4524 9146
4 4357 5770 8354 9098
3 9636 697 3376
3 3326 9968 9033
3 7855 883 8662
3 8758 8769 4917
3 5638 6992 776
2 847 4730
3 4099 7971 7131
4 3188 9573 7258 1637
3 3268 894 5549
2 6940 4927
2 3378 5684
3 1797 8751 3524
3 7738 5038 1430
2 5110 9713
4 2799 620 2115 4313
2 5479 2138
3 4168 7116 7411
4 8802 9349 6225 4349
2 2411 9442
3 1660 4519 9044
2 8962 7369
3 3789 7673 1866
2 724 8859
3 5728 9859 8202
4 513 7576 9418 4538
3 6173 8628 1389
4 9518 1064 3924 8841
2 9750 4748
4 815 7305 2099 1686
4 7453 830 2745 6204
3 9373 2109 6626
2 9794 975
2 6743 4141
3 2477 4784 9241
2 1011 1668
3 4950 9414 3369
3 9321 173 731
2 304 6878
2 9998 8595
3 448 2264 6975
4 1029 6047 156 4716
4 2630 4839 4297 5293
2 1110 8027
4 8291 347 2700 6213
2 216 2552
3 2978 6368 9671
4 1074 2006 9534 7882
3 9346 2735 2848
4 8889 3583 1549 7217
2 2331 6581
3 6673 2693 9155
2 5555 1467
4 6132 5685 6623 9590
3 1939 6917 5284
2 1763 2921
2 6516 7294
4 7809 1407 5466 9872
4 6970 333 7628 2267
3 1501 3861 7507
3 3751 963 68
2 4232 1772
2 9849 5194
4 5535 3251 9 3723
4 8009 4801 7951 4426
3 6714 2473 5873
2 6230 7360
2 1534 7536
3 808 6680 8570
4 1280 3120 3585 174
2 1242 3444
3 6161 5440 9103
4 8409 385 4466 6404
4 4733 4383 5576 4940
2 846 3603
2 6011 9564
3 2338 7218 1653
4 6218 4223 792 8107
2 6158 1034
4 1647 8723 6455 3445
2 1952 1965
2 6124 7583
2 5363 1094
4 8536 9047 1124 2007
3 1188 7621 1524
2 4709 7599
4 7017 9880 9288 3160
4 171 6770 3627 222
3 7635 2298 4566
4 3955 5568 619 4255
4 528 5221 9890 1717
3 3456 5654 2497
2 3133 2592
2 8864 9814
3 5035 5133 9305
2 5657 4596
2 2649 7419
2 4908 3974
3 738 3736 3285
3 6781 7188 5364
4 4244 9860 1342 6591
4 2756 1973 4094 5306
4 4185 2386 8382 2449
3 4436 7415 5381
4 8631 7924 41 6580
3 6406 859 7711
3 9267 950 6909
3 9369 7504 8347
2 5025 7880
3 8333 2054 3650
4 9131 381 4412 2852
3 6826 6399 6489
4 4907 7915 6922 3146
3 3053 4423 613
3 1726 6666 6376
3 3770 2769 9678
4 4516 6294 9388 917
4 6976 4462 9666 8223
3 7530 4802 2360
3 778 6222 5949
3 3343 5618 5235
2 5637 8244
3 259 6311 1861
2 8667 9384
3 6986 4315 3292
2 2554 1808
3 7330 8963 4175
3 5602 8231 6228
3 3640 974 6351
3 1421 9080 7490
2 1023 2351
4 1164 5228 3862 9538
4 1195 5524 3877 8589
2 8632 5368
2 3110 7422
3 8777 3169 7555
4 462 5365 2506 7619
2 2658 4997
2 1553 8929
4 2444 8033 2716 3715
3 4704 4384 2631
2 730 4502
4 1481 6742 5373 3216
4 8607 9260 3866 6479
3 1529 6674 343
2 8612 4512
3 9180 1648 5944
4 5581 8990 6501 4555
3 7843 743 1282
3 2186 5780 1851
2 3331 7126
2 9637 2582
4 192 1610 9861 7860
2 8486 8697
4 8913 9627 1599 4631
3 4492 9170 652
4 3847 8803 5641 4546
4 1288 1403 3556 3420
4 2313 5796 6245 4782
4 5441 7115 2493 1557
2 6192 4913
3 5635 9937 7566
3 4072 4162 6493
3 8094 9463 9763
3 6159 69 1597
3 5717 8492 3901
3 8576 7687 3274
2 3552 4051
4 5132 9751 2159 1674
4 5672 9326 7484 6935
2 7166 7839
3 7012 8494 8887
4 9684 349 5578 8001
3 3206 8219 4457
4 9138 9104 9303 7174
4 404 1767 8895 213
3 682 5007 8312
4 1920 19 1171 3236
2 3382 8941
4 8116 8891 3473 4491
2 7050 6452
2 9281 3129
3 5175 9649 5791
4 3569 3893 3838 8013
2 7463 1145
2 295 2130
4 1351 8757 8313 4549
4 5644 4800 1207 3899
2 3426 712
4 7446 8417 58 5778
3 9258 3526 9991
2 2734 4902
4 4084 5986 685 1618
3 1307 9640 4886
3 3596 2702 449
2 9935 3127
3 7724 8021 1065
2 1370 8403
4 8072 4425 6263 3164
3 2831 6585 9158
4 4405 22 8761 4637
4 8797 3594 5610 5536
2 3726 9406
3 4242 8380 3575
3 7674 6244 9157
3 416 6830 1938
3 4521 8267 1323
3 8762 4449 4124
2 4487 9462
3 6058 8827 4322
4 2483 5656 9523 6274
4 3688 980 8040 4137
3 7288 2723 2189
2 9209 4089
4 7196 254 7261 9246
4 3681 4192 2820 8939
2 2087 221
4 703 5910 9294 5039
2 2091 5469
3 3617 2634 6837
3 8840 4946 8774
2 3521 1383
3 6145 7869 6023
4 3045 9229 1051 1794
4 1337 5193 3589 2494
2 2268 7985
2 3476 8305
3 6314 1649 8564
4 6038 5049 1651 1869
2 1729 5236
3 6632 4644 9797
3 64 5226 5523
3 4090 4824 2960
4 7916 9689 1474 2612
2 6372 588
2 9150 4790
4 8529 1551 3064 7884
4 4161 3953 4885 1916
3 3090 2243 9748
3 5389 5072 5204
3 1494 4351 3360
2 1374 4265
4 1320 854 693 4964
4 6141 2569 7821 3607
2 3757 6650
2 3431 9866
3 9808 31 5662
4 9887 172 2380 8071
3 9762 4676 39
3 2810 9738 277
3 5935 9439 6996
2 7499 7994
2 7805 7758
3 292 9622 5670
4 962 1807 8235 2345
4 1344 1290 102 264
4 7441 9835 8964 4145
3 2325 445 9037
4 6488 7410 7141 696
3 3671 2028 6063
4 126 3663 8668 9923
4 7618 9172 6371 8798
3 4873 8784 8189
3 9230 4180 522
3 3794 7344 6818
4 8801 3693 686 3225
3 3670 5173 3233
4 6504 8965 7846 3483
2 4055 5558
3 9293 8799 4735
3 1028 3219 1977
4 8601 9726 6349 6800
4 2408 929 2937 3956
3 3415 8545 8846
2 5308 7130
2 7683 5525
4 1196 2678 2564 8143
3 4734 5842 5180
2 3138 8064
4 9292 7269 1071 7107
4 3335 4222 7669 3535
4 456 4078 6301 6214
3 8967 2219 2184
4 9095 9124 595 9672
4 662 4645 9135 6949
4 6738 2274 1314 3142
3 3848 9338 1913
4 4286 4380 6684 3269
2 461 4688
4 7270 6505 5773 4188
4 3830 6134 6767 6974
3 4413 7042 7701
2 4770 1903
3 5451 8995 2127
2 1439 1425
4 3005 5926 2013 4699
4 7072 4947 3278 8514
2 1018 4252
2 8330 7896
2 1535 1565
3 6260 4814 8003
3 4595 4375 3699
2 3489 8462
4 4245 811 6051 2961
4 9975 639 7957 2574
2 9651 4797
2 1040 5819
4 2576 7624 1600 2697
2 1793 9817
4 4243 1733 2210 6978
2 1210 7081
3 6457 6334 9818
2 4367 6283
3 3729 4961 6233
4 3780 4475 6344 7225
2 8726 1847
2 925 5528
3 1503 2591 1662
3 2076 5168 6908
2 882 8560
2 1694 8971
4 9223 1615 6007 116
3 5084 5030 8000
4 2603 698 2057 9948
4 1236 1961 9577 8100
3 3082 8693 120
3 7193 9499 2250
3 6570 2256 4319
4 9784 6378 300 3494
3 9731 3882 5094
4 2341 4535 3235 5286
4 8584 3134 376 6255
4 6968 8810 9244 2147
2 9965 3517
3 6025 1158 3150
4 4320 2073 3926 6127
2 1327 162
2 1278 9563
3 1799 5408 780
4 170 2762 9238 4496
4 8497 5419 20 7210
3 7523 8397 799
3 2995 627 9551
2 7863 8676
3 1427 3491 5835
4 3021 5671 1432 9347
4 988 4819 4592 6772
2 4046 7354
3 928 6804 1451
4 5219 8339 1002 6445
4 3002 9140 5287 6550
4 9435 9078 5626 2393
3 5511 9399 8216
2 6208 3772
4 6417 7398 5001 2510
4 7650 2691 1759 3612
3 8220 2602 6061
4 1819 7455 9094 6309
4 7031 750 9661 7826
2 9801 9742
2 9533 3363
3 5982 8539 6997
4 6759 3040 1528 6254
2 9595 7291
3 9372 7656 908
4 1707 6765 1189 9632
4 9868 1860 7698 969
2 4578 4268
3 2474 3555 3801
4 2120 8862 157 5703
4 8436 1413 6418 4759
3 74 7588 7930
3 2991 5276 9125
3 8505 1667 1995
2 6870 9982
2 3638 6100
3 291 5857 6136
4 7548 4624 3825 4004
2 3346 9833
4 2610 2235 3076 2539
4 9006 1655 8146 8528
4 255 6259 2361 976
4 8483 1250 3451 8866
3 8340 7062 7798
3 2731 8822 1642
2 1526 7570
4 7535 1048 8400 5338
4 5433 9022 909 2929
4 7870 1541 1998 5953
4 5501 3396 2228 7183
3 4103 605 6631
2 1538 5104
2 1156 5002
2 5699 779
4 9416 4271 3387 4467
2 6894 8161
4 9610 7633 1989 3339
2 6302 4835
4 1076 467 8879 4067
4 37 4531 5723 9122
2 51 1702
3 7659 5483 42
2 1613 4865
2 7495 6868
2 8134 5437
3 9985 5302 1450
3 436 1747 7013
4 4600 93 9722 4999
2 3749 1424
4 6142 8508 478 3440
2 334 7952
2 8717 6865
3 7142 6115 4417
3 5328 5416 4459
2 8243 6618
2 1812 7436
3 2829 8970 5197
2 6527 6905
3 1820 1525 5620
3 3528 6768 9497
2 7475 7692
4 2841 1956 7326 5493
3 6785 7763 4845
4 7136 1769 7061 3297
4 5383 7149 4687 7408
4 5820 6567 2321 5583
4 4334 8248 5243 9487
4 2806 6538 7502 1050
2 9026 1192
4 4605 1775 3211 8843
3 9251 3460 122
3 9225 5000 1930
3 7442 5768 5977
4 1832 123 8218 3614
4 5705 1030 567 8093
2 9718 3714
2 796 7479
2 9309 2784
4 1230 2855 8654 247
3 667 1183 5326
2 1321 6633
4 1721 4541 96 6690
3 6092 8295 4918
4 5200 1333 3791 3516
4 3047 7538 5925 8518
3 4100 1669 1855
3 4440 8412 3032
3 7153 7898 226
3 8993 5918 165
2 8114 7439
4 8672 2467 7299 3668
2 519 359
3 380 692 4611
4 5955 5425 7858 4129
3 6829 6000 8366
3 1723 8789 5904
3 2392 6285 8621
3 289 9988 1375
4 8221 1151 1232 395
4 1945 5339 6275 2798
4 5577 5054 8657 229
4 3078 9085 8845 2216
3 5257 5942 2598
4 657 6559 3187 5418
2 7262 864
3 9182 8974 1603
4 8106 2131 1101 7966
4 159 1734 6744 9486
2 3308 4522
3 5240 8582 6110
3 28 8083 3454
3 537 8733 6777
2 3561 1075
2 9134 6984
4 1838 9173 9875 4451
3 8010 8022 9806
3 8794 7022 7956
2 5548 4792
2 3966 8853
3 9810 6925 2198
3 6566 5245 625
3 7980 3304 177
4 2870 4935 329 7902
4 6442 540 2856 9836
3 2941 2800 7064
3 3750 6415 1502
4 5642 2112 2537 453
4 1665 1235 5057 7661
3 5822 1414 7691
4 7734 612 7614 1448
3 991 3719 9403
4 4324 3388 169 2795
2 7601 4796
2 8702 2543
3 5513 6034 113
4 1160 6775 3434 5836
4 1885 1540 6340 9708
2 6941 5422
3 3231 2980 1109
2 17 179
3 4251 7814 7784
2 267 5108
4 9034 3288 8603 758
4 4585 9951 723 7753
2 2422 6155
3 585 6088 4111
3 2976 5616 6050
3 5350 9824 9994
2 2686 3389
2 5574 6373
4 223 2967 9606 5757
3 8856 9091 4169
2 8551 7224
4 1827 6183 5938 6495
3 2759 128 2308
2 3303 2632
2 1349 1732
3 218 4978 6584
2 3703 1244
2 9116 4497
4 842 5300 784 8302
4 3841 937 6271 1712
2 2149 8165
2 7332 9008
2 8580 834
3 2758 8555 8451
2 4630 7208
3 5053 598 1893
4 2696 5475 549 7460
2 353 2472
3 3200 2324 2258
2 7245 5908
3 3676 1055 2065
3 9290 5214 9206
2 4056 2781
4 2197 8086 6003 1999
2 2633 1133
3 5316 3010 3951
4 4020 6005 1147 7177
3 7761 2048 740
4 6449 3016 5709 5803
3 4340 5861 1936
2 7598 5413
2 5877 3985
4 60 2152 6478 1940
4 4235 2571 7765 6364
2 3945 4721
4 3506 7540 3691 4477
4 4893 424 6249 8522
4 2988 30 2323 1865
4 1573 5184 2908 7117
3 8884 9508 7303
2 8816 6945
3 475 4076 2209
2 8217 1953
2 1848 8743
2 2185 5357
4 6313 4604 2541 3214
4 3669 27 3424 8471
2 2307 239
3 3511 1488 3228
4 2164 260 857 4059
4 9932 4656 6453 1178
4 8012 147 7973 4310
3 8092 7328 7015
4 7719 6957 1433 9473
4 9960 9109 4936 7522
2 8780 8279
2 2358 8067
4 2887 6152 9663 3136
2 3305 5359
2 2767 8648
4 9193 9604 6162 3576
2 3096 7394
3 9969 4540 4570
3 7905 8388 2424
2 3422 9409
4 5386 5919 863 4720
4 7949 5199 2996 3459
4 2086 1270 6358 7365
4 6844 1283 8817 2526
2 8308 558
4 2773 6040 6284 7235
3 3660 5945 5878
4 6048 5484 3399 1228
3 7582 8715 9869
4 7242 9841 8229 1447
2 7065 8281
3 7778 3616 6424
3 7560 4303 3922
4 5135 7783 4659 1523
4 896 148 8878 7626
4 2050 5091 7617 9362
3 2565 1818 4312
4 5015 5195 8324 6586
2 5993 413
2 3894 276
4 568 4086 2088 6866
4 7681 4335 8122 8070
4 5719 1559 9945 3818
2 858 9812
3 7465 92 6239
3 7511 9102 9278
3 5331 8455 1008
4 6253 4294 7627 4391
2 7438 2823
3 3425 2409 7089
4 2523 3973 7200 175
2 6221 5426
2 6198 7663
4 9177 2802 4625 9243
3 1796 5726 8978
3 4922 1570 8998
4 5903 6532 7195 327
2 9909 3277
3 4856 9592 7024
3 4812 9117 8370
4 5489 964 3017 1394
3 6078 8238 4301
3 3159 9118 321
2 615 9933
3 8164 2518 5128
3 8362 5911 6520
3 4344 2475 4221
3 9060 357 8387
4 160 2199 7547 7382
2 888 7435
4 2315 6242 146 3677
3 2215 8178 87
2 732 2836
4 1839 3199 2060 7975
2 5962 5882
4 7868 1406 8877 1167
4 7508 985 7096 6644
2 8434 1245
4 9441 4729 1765 7775
2 4298 1077
4 2079 1108 1465 2412
2 7271 5342
2 2135 2584
3 2068 4537 3683
3 3342 8493 8074
2 5689 9119
3 8937 2295 9162
2 5743 5394
2 4557 5239
4 9693 8531 3859 1889
4 6323 190 1292 184
4 6325 2368 3027 3782
3 8271 3987 5283
2 5974 3197
4 7950 1181 4154 8763
4 8282 8855 8552 5727
4 1457 4345 7472 6958
4 4813 4049 6367 8395
3 5843 2999 9367
4 6060 4877 9618 580
3 2732 7500 138
3 6013 5362 571
4 8506 9071 1081 6464
4 1161 2190 8625 8023
4 2141 5527 8389 2261
2 8824 9253
2 1755 4306
2 6786 4217
4 355 8768 1778 6583
3 7591 7604 648
2 5105 987
3 3700 4198 6721
3 9002 7175 744
3 3316 1045 3755
4 763 6109 6272 9586
3 118 7285 1697
2 2651 1437
2 2103 2757
3 8775 8983 4328
3 7178 8236 18
2 4843 3635
3 2535 269 7109
3 5464 9152 6293
3 5056 7636 2530
3 7228 6898 2400
2 8459 9090
2 6157 1905
4 279 4240 8024 9013
4 2263 7906 3367 3044
3 2230 4804 2570
3 1824 3189 6098
4 8228 2385 2646 2024
2 6282 6384
3 8121 9889 2662
2 6086 4647
2 5718 3674
2 6842 7084
2 1299 791
4 5182 997 1804 555
4 438 531 9980 6769
3 3008 1798 8418
2 5384 6718
3 4079 5151 1948
3 5334 4249 737
2 5967 5921
2 6379 6656
3 3599 4044 4634
4 1309 6840 7516 6899
3 8132 5141 628
4 707 1479 9950 2949
4 5611 1385 3550 7934
2 5999 6954
2 9642 6805
3 9574 2490 9997
4 219 1384 6305 6229
3 1193 584 7527
2 3696 3821
4 6354 4977 9151 2100
4 3538 9160 1162 3567
3 1684 1561 4106
4 3033 8286 2585 204
2 9205 3453
2 7708 922
4 618 9410 5409 6757
3 3287 7968 5632
3 8343 6602 4701
2 5227 6972
4 3042 4458 350 4037
4 2034 9352 3816 3293
2 7552 9613
3 384 7182 8162
3 6067 7825 2968
4 8490 5994 2247 4376
2 2813 8857
2 8428 5605
3 477 9853 3532
3 7818 7233 8520
4 9776 7481 5738 9328
2 1359 8378
2 1229 8233
2 2532 5540
4 3177 5238 7740 6749
2 9263 2294
4 4012 1844 1184 4664
2 7808 3864
3 2052 8300 6932
4 5320 4561 9633 7459
4 5844 4967 7085 2594
4 3410 8695 8119 3354
2 8458 9953
3 4404 6120 9454
4 2958 3060 8061 2428
2 4482 7931
4 6375 6625 7389 6819
2 3972 3587
3 2926 1677 9914
3 1489 8034 3572
3 1624 4501 8442
3 1906 3806 245
2 6121 4864
3 4544 8991 6398
4 6447 8433 9174 1500
4 7514 7796 7119 6873
2 3301 5400
4 5014 5169 1589 3306
2 1476 7379
4 9572 6203 7781 7996
3 6890 9921 5943
3 7048 418 8622
4 7043 5272 6959 3035
3 499 9904 3666
3 3168 4840 1315
2 6326 8066
4 6851 6812 2505 2711
3 365 5544 8157
4 1700 3745 8018 5834
2 7890 9317
2 1604 4359
3 7162 2819 7749
2 2502 271
2 9682 7720
4 191 700 2272 526
4 972 3408 7549 4503
2 994 7620
2 8630 6605
3 9626 4127 9472
3 2342 3377 3299
2 3222 5603
2 6419 1310
3 4934 1453 5160
2 3097 3522
3 3185 4990 9024
3 7421 9525 1475
2 9086 843
2 9629 3803
2 8523 4109
2 8825 1415
3 8358 7807 9383
3 1991 5966 3581
3 3312 8931 168
3 5557 6895 8030
3 5571 9474 594
2 654 5018
3 4182 9266 6641
2 3186 9936
3 6855 9069 7974
3 4474 3087 4065
3 7051 8187 9038
3 5579 4471 8054
4 2838 5473 5799 8767
3 2151 5280 9634
3 8946 8489 3089
2 7987 8785
4 7203 2110 8738 8175
4 6015 1944 4158 2815
4 8181 9433 7838 4909
3 2299 4398 8367
3 1898 8155 3601
3 3328 5442 622
2 1012 8158
3 583 5099 9798
2 1142 298
2 5006 1382
3 6112 9494 8131
3 8113 7214 2182
2 5 5370
4 2003 5987 9608 5814
4 427 2421 8984 9981
2 7875 8896
2 9940 785
3 7342 1219 5897
3 4112 920 5761
4 8809 9578 8454 1170
2 3630 9758
2 4372 6409
2 6211 7165
4 8416 4601 166 6563
4 470 7319 2601 563
3 9955 80 4063
4 5639 2871 9884 6123
2 849 2318
4 9838 6691 5401 5024
3 7437 4073 8328
2 6075 8309
3 9568 599 8945
4 6342 6663 5860 9781
4 6304 2628 532 7191
4 990 8294 8690 7355
4 5156 7746 5142 3486
2 9786 2704
4 7005 5424 756 5153
2 182 1927
2 1097 9175
4 2749 3043 5329 4889
2 6919 9864
2 9237 3028
4 7709 4741 9447 9825
3 7376 626 0
4 9830 7279 7496 6938
3 2981 2783 1177
3 7578 3503 3702
3 8353 5447 9072
4 6702 2174 2085 5216
3 4574 5322 3611
3 586 4104 6082
2 4513 6512
4 604 6473 4325 2249
2 6318 3743
3 6766 2616 6629
4 2137 4820 4468 283
4 3242 1709 8365 7883
2 5166 3795
3 9545 4098 9510
4 9504 860 6989 7512
4 9967 3001 1612 9779
4 7722 8943 3068 8691
4 1311 394 5301 1
3 2419 9458 7569
3 1888 4414 3371
4 7041 2884 1816 1870
3 1518 3986 1701
4 6467 4563 8510 4756
2 9039 5745
2 5679 3949
2 6413 316
4 3536 8052 4443 8296
2 4288 8517
2 4985 5975
4 9570 167 6763 5802
4 4167 1720 9190 1215
2 5093 3954
3 1402 1814 8335
2 2754 7862
4 6966 91 8477 4441
2 4766 904
4 4445 4047 3383 1919
3 9389 9467 4023
4 8042 4973 203 4760
4 1975 8316 5476 4653
2 6111 3012
2 1650 8982
4 4568 4707 3895 290
3 1886 8184 6892
3 1626 4485 9200
2 6269 8764
4 6642 5534 3863 8350
3 8028 4003 3602
4 1063 1825 3088 2872
2 9501 7889
4 2329 4572 5854 2266
4 4400 8644 7517 4208
2 7468 7802
4 3898 1269 5565 3179
4 88 4202 820 9755
2 5305 9021
3 6402 3518 7731
4 5100 3738 9827 4628
4 1313 8837 5653 5785
3 5776 4562 9298
2 536 6103
4 7554 7964 2305 2964
3 3050 7983 8183
2 2463 1891
3 8643 8487 7201
4 1473 5746 6400 8214
4 1243 8847 7138 1148
4 6104 5659 5767 833
2 164 9142
4 2456 3373 4353 1060
3 6306 6620 7699
3 2074 2659 8968
4 6827 733 8793 9419
4 4633 1699 4342 3131
3 5385 6943 7756
4 7384 8427 7961 2499
2 7359 9187
2 3541 2766
4 1790 754 9265 3655
3 2118 2950 6410
4 7643 261 5358 8460
4 8787 9553 4406 5772
3 1258 7198 1358
3 9520 3071 7079
2 5095 2290
2 46 7648
4 1357 1974 5146 2492
3 2982 7433 6838
4 1505 4816 2297 3492
4 3457 5406 1609 8104
3 9350 1880 7222
2 5677 8928
3 3395 2038 82
4 5758 4354 718 9714
4 4939 821 7840 5509
2 7426 8482
3 2378 6241 1268
2 5064 544
4 8257 8401 447 6069
3 3192 4200 2282
4 6387 7571 4048 6712
3 136 6973 9532
2 9478 5978
3 5622 3487 72
2 6317 6833
3 6357 8921 1688
2 7044 7891
2 3178 7958
4 5570 1056 8479 2019
3 6227 4377 2947
2 8804 8349
3 435 6403 5275
2 6105 8225
2 4768 257
4 9018 6135 7334 9828
4 3496 7259 4808 3641
2 2339 9548
4 2446 2500 3313 3540
4 4389 4304 3409 7470
2 3865 9385
4 5374 233 6365 4755
4 3502 6006 35 9181
4 8099 4589 9778 3019
4 8424 889 2650 3077
3 1201 5946 8363
2 4013 4336
3 1607 547 3283
4 7713 9428 4019 7251
4 9785 8633 3447 5012
2 3488 3353
4 6353 6907 3917 8253
2 8414 6521
4 8407 4256 903 251
4 9274 4827 2709 9754
3 3839 1728 3479
4 755 2617 7595 4526
2 6836 952
3 7267 3024 3112
4 9580 2276 281 9938
4 3759 8283 2627 9379
4 5867 3172 5254 5229
3 8629 9077 6729
2 1654 6026
4 1445 1163 3075 9530
3 1744 2698 2657
2 3084 2524
3 4452 9114 2642
4 1308 5865 6446 2346
2 8205 5356
2 9611 8327
3 2128 5163 2496
2 1933 7353
2 2529 7030
4 8156 6669 4987 5956
4 323 9995 6352 8046
4 2 4228 1087 7993
4 9359 5352 3697 8682
4 9495 6012 7318 5988
4 8017 3809 7537 3254
4 1946 4900 1206 1996
4 1480 3318 4916 9245
4 1507 1353 7159 6333
3 4629 3030 1354
4 130 7942 4010 3450
3 7134 6251 8516
2 8776 8666
4 2513 249 6077 3774
4 1471 2227 1332 2849
3 5495 7799 158
4 3345 5817 7655 3083
3 2583 1908 4542
2 4681 2567
4 3184 3942 8180 1042
4 3855 6359 6014 1928
2 7390 1438
2 9831 3520
4 7925 6430 2989 884
3 7476 5327 4473
4 1279 822 6490 4875
2 3664 7501
2 6140 8955
3 4714 574 8907
4 409 3137 995 9820
4 9815 7480 1456 5159
2 6187 4456
4 5223 2738 7888 2233
4 4269 5378 1566 4665
3 5512 5589 9542
3 6630 2168 6394
4 2641 7298 6431 4892
4 5818 3820 2943 4926
2 9311 2269
3 377 5808 400
4 7313 8015 4569 9690
3 6472 1267 2894
2 444 2122
2 7127 1803
2 1069 5550
3 1746 1783 3900
3 6983 5518 1698
4 2225 7458 9879 4150
4 8029 6735 4074 6950
2 7171 8707
2 818 2712
2 9746 8292
2 3365 1461
3 7521 879 4591
2 1966 5963
2 1079 5713
2 8521 8198
2 8860 8124
2 55 5028
2 2687 510
2 1146 9709
4 1004 2915 8674 2790
4 6843 5756 9236 8438
3 4220 2401 7675
4 4026 180 2895 2725
3 1646 5060 2595
4 5915 8614 8711 6341
3 2589 7603 7241
4 9481 8961 1137 6609
4 2853 4963 2679 3165
4 508 9161 6079 5205
2 3554 2178
4 7101 9752 6002 6953
2 4825 7114
4 501 554 6934 4906
3 6636 8036 3407
4 1019 9061 6195 4642
4 7605 4727 5845 2675
4 562 2391 5936 3139
3 8193 412 807
3 4971 7717 8651
3 7004 7372 2330
3 6648 7873 8089
2 3979 6952
2 3961 3667
4 5462 8456 1745 1157
4 4284 6035 5980 9471
2 2042 7497
3 790 3546 21
3 3764 8986 2277
3 5450 7010 5775
2 7308 4710
4 3029 5916 2218 1241
4 270 992 6322 1365
4 2669 8377 1872 6961
4 9792 7464 49 3831
3 6440 9285 1293
3 3480 4560 7106
2 5619 2590
4 6685 5198 7852 5268
2 417 6706
3 1853 3537 3132
2 9411 1985
4 6345 3799 6543 8606
4 5711 2279 3994 8839
3 2030 7752 7205
3 425 765 2232
2 2252 8465
4 3975 2291 1588 7854
2 8796 1338
2 5121 5161
3 8332 3896 4490
4 4941 1580 4577 7989
2 9432 4097
4 5471 2857 8323 9585
2 296 689
2 8288 379
4 4206 6575 9691 678
2 8255 238
4 3418 7920 8933 8534
3 7211 8496 6813
2 4160 4862
3 4639 3059 8404
4 8226 1366 3842 7967
2 3477 2660
3 9971 5928 2719
2 1983 6860
2 57 6057
4 2867 8634 3248 4728
4 2739 207 3398 2165
4 9707 9446 4564 5862
2 4587 1199
3 9127 2439 998
4 3239 9460 3725 6672
4 8053 1766 1658 420
3 14 8315 2824
4 795 8626 4737 8087
4 8430 2154 9989 312
3 4397 2161 1131
4 8602 9768 8422 7836
4 2306 1884 1150 9111
3 1143 6154 4815
3 5815 9760 9199
4 9269 2447 4369 3072
4 8473 7874 1748 6789
3 7815 1339 3545
4 4219 2150 8111 2395
4 3605 4289 9402 5399
2 4523 5247
4 9227 4855 517 9210
2 7654 5700
3 6102 4925 7662
3 3104 2540 3501
2 3310 2997
3 4891 4952 3689
4 1532 3210 1926 4034
3 3618 3341 1483
4 369 5494 5580 1911
2 1092 5950
4 1713 8325 3633 7466
4 3271 4348 2169 3867
4 8110 6806 8120 8618
4 8048 3860 8272 8960
2 923 7375
2 5068 800
4 7755 403 9857 3735
2 3952 9164
3 4194 8037 7091
2 5554 6437
3 7632 5117 328
3 5183 839 6126
4 5765 5629 6698 4806
4 4108 8435 7406 1813
3 9261 9720 7677
2 9547 8917
2 5829 4096
3 8893 5906 5059
2 4912 3324
2 7827 7058
4 2764 152 480 3229
4 2568 968 1704 301
2 9681 4070
4 9148 8755 6530 4853
3 137 5115 8306
4 2580 2860 4641 919
4 1595 8699 8166 7286
3 2404 363 8463
3 1858 2163 5666
3 121 8196 9084
2 4919 3338
3 9493 4117 5256
3 2620 414 727
3 4308 2180 4938
4 2516 3851 7451 7787
3 4318 8547 8444
2 9822 3348
3 1417 1275 8211
4 153 1423 845 4508
3 1924 2605 6709
4 5724 2843 4394 9027
4 6693 7018 5427 1061
4 3542 8445 1527 4139
2 9673 6544
4 7788 2692 1102 1431
3 5324 7631 4115
4 5754 2901 1182 7938
2 472 7640
3 3927 4187 9314
3 1046 8573 3462
3 3099 4290 5346
2 5295 114
4 5432 8754 8750 6049
4 3022 5958 3609 4114
4 3643 745 5058 7716
3 3275 5992 7900
2 2654 5701
2 2974 4776
3 6962 6027 9101
4 787 5751 2039 6164
3 1520 5520 7607
4 9405 2246 8065 5970
3 8301 4920 810
4 7388 8665 375 1022
2 4362 7014
2 5131 2917
3 5279 7169 9517
4 7895 9635 9655 5813
2 8642 5487
2 1226 2839
2 8170 8638
3 7239 621 284
3 720 9597 2625
4 927 1086 9512 6708
3 6165 2755 7352
3 8177 4484 3706
3 6487 6477 8095
2 2710 529
3 8546 5213 608
3 8541 5126 5769
4 4402 2212 7551 124
3 4858 3401 1066
4 7083 6924 6675 1454
2 4144 8835
4 9301 7100 4899 4576
2 4234 265
3 3055 6507 5688
2 2403 7767
3 7597 6139 4128
2 5695 1630
4 6250 183 1988 1014
3 566 4165 1673
3 5420 8450 307
2 8452 4674
2 84 8976
3 1284 320 8728
2 9484 4247
2 8874 564
3 9925 8128 6438
2 739 9979
2 955 7841
4 3978 8073 2450 3657
3 9076 2434 9307
4 7545 7871 9956 5307
2 2893 4316
4 8770 1287 3621 6699
4 9073 5593 2896 9143
4 4279 4565 3020 5794
2 6901 2559
2 2102 7060
3 1117 6206 2581
3 9612 862 4209
4 9555 9202 8623 6076
2 1248 4807
4 8727 7340 2310 9930
4 6904 9226 3337 6867
4 9556 5429 9197 949
3 1616 7995 8942
2 5707 4860
3 354 6262 5377
3 6582 770 4554
4 5522 3247 7936 3962
2 2175 7297
4 1786 2240 8850 5061
3 8232 4021 4069
2 748 6008
4 6991 6985 956 4113
3 8274 9386 253
3 3471 1546 4794
2 8544 9257
3 1446 8915 3443
3 5355 1631 7689
2 9088 4998
4 7622 3808 645 5021
4 1325 1153 6476 6542
3 9186 6043 6534
2 4880 2451
4 8637 8730 2489 7443
3 4396 9877 5609
2 8355 6707
2 3314 9907
4 476 7834 8168 1809
3 2089 7284 679
2 140 2049
4 8096 3181 8786 1910
4 1632 1387 6893 1586
4 4616 5714 1931 2098
2 3011 7867
4 3046 4655 8900 5690
3 9513 3741 2983
2 7646 7145
4 4551 5744 5319 681
4 4005 1942 4229 6361
3 5697 8004 2903
3 4028 4691 1237
2 7590 83
3 850 6724 7568
3 9895 1257 7450
4 3872 5371 8821 2897
3 6639 2866 1516
4 8692 687 7885 4731
2 2560 2140
3 516 3941 286
2 2211 8980
2 344 4621
2 4994 2029
2 7653 6113
2 9434 3823
4 1263 6588 507 311
4 3647 8432 9315 2452
4 8571 6461 490 9946
4 3775 4411 6668 8375
4 5285 623 4481 8179
4 7754 4588 7736 3466
2 8172 3692
3 3102 2144 4785
3 4837 3588 2350
2 235 8910
3 2880 1211 3562
3 8924 5532 7346
2 4300 1572
3 3817 5885 7367
3 2023 8608 4632
3 1068 2609 4415
2 7639 7163
2 9699 4478
2 2224 9710
4 8714 2579 4754 1322
3 2639 6436 631
4 2369 9422 4147 4948
3 2776 8385 5849
2 1583 5488
4 3797 642 500 1440
2 7287 5895
3 3943 5889 577
4 12 7771 5831 5774
4 2556 8079 1295 7665
4 7341 422 6732 602
3 5150 9325 1915
4 1412 1587 8025 7876
3 6355 2672 3785
3 9280 2946 886
4 4974 2703 8431 6665
2 9424 125
3 7440 3495 5461
4 8105 3170 9070 7124
4 1670 2923 1795 464
4 6930 1864 9329 1107
4 3991 5624 7053 6171
4 4752 6711 3889 9028
2 7613 762
2 8525 666
3 396 5722 9005
4 4143 9961 6071 141
2 1495 1372
2 6912 3478
3 4811 8772 26
3 3624 5263 5311
2 6276 8671
3 465 6328 3754
2 9239 9644
2 5628 9716
2 2160 2239
4 6859 4607 3608 9528
3 1239 4708 1085
4 7932 9218 1191 9581
4 1596 553 4101 8997
3 1129 6407 5144
4 309 7275 4844 5859
4 3784 9913 4379 4895
3 6920 1760 3357
3 5951 7759 1168
2 8873 9256
2 3509 9340
4 2481 8383 1138 814
3 7789 6903 3203
3 8440 8828 6994
4 7785 1410 8138 5303
3 7723 2760 1277
3 437 7216 7371
2 3563 2217
3 6514 1625 6815
3 8806 8880 1223
3 4293 3381 16
2 8241 4087
4 9871 7684 6176 9168
2 7170 5318
2 868 4494
4 2183 5983 9856 1774
2 7444 240
2 1072 630
4 9680 5899 8441 330
3 9839 5991 1388
2 2746 6299
3 5080 1643 6459
4 7593 3868 5730 2142
4 6557 6054 1629 6503
2 6465 3708
4 5139 6194 9051 941
2 6713 7167
3 1681 775 1716
4 1099 9351 5075 1200
2 6087 3302
4 9958 3766 1411 8597
2 1462 7849
4 2940 3325 4690 5552
4 9799 9526 9355 6696
4 3694 2465 176 3625
2 3881 4007
4 591 6041 9483 2031
4 7660 1710 4463 5733
2 3959 7068
3 6466 8678 5615
3 398 708 3623
2 5013 8103
3 2624 6592 8247
3 7401 6929 4763
4 2614 2289 5725 4830
4 4105 4584 9598 8130
2 7212 4493
2 2503 5683
4 9147 2320 6243 6653
3 9429 8703 9420
2 6089 5118
2 1606 8559
3 3999 1187 5721
2 4609 1659
3 6839 897 4480
2 3514 6936
4 6964 3718 7991 8449
3 474 1298 6019
4 8149 8123 317 7033
2 9536 5971
4 8364 3458 9488 2063
3 7221 1176 7715
2 4277 6822
4 938 6817 6046 2108
2 4077 1496
3 5841 4 3174
3 6499 9656 2652
3 1636 2170 4608
4 3429 3742 6148 3610
4 9015 9066 9374 498
4 4536 3432 7679 1850
4 8805 4392 2694 7255
3 9992 7256 9268
2 829 931
2 3577 2791
4 5391 5823 1730 954
2 6872 759
4 3682 1754 9196 9049
3 7928 3549 1492
3 8524 2676 3940
2 2963 4330
4 961 3234 8411 7558
3 1025 7592 3856
3 680 1378 9336
3 643 1136 144
4 1881 1393 7792 1441
3 2355 1585 7794
3 1531 5191 2938
2 7735 7965
2 3255 1305
2 5172 2900
2 8415 7257
3 1980 2293 4373
3 1868 8788 4724
4 201 8234 9917 1876
2 9279 8867
3 5617 492 4146
4 8304 325 4848 5759
4 3637 6572 4352 8661
4 3936 188 9990 5742
2 5762 8249
4 3221 61 1968 5232
4 7487 3009 3013 9767
2 1123 5079
4 78 2458 4186 9360
2 3813 2977
3 1695 2551 5739
3 5092 2077 4083
3 1093 4498 7835
2 6793 1972
3 8719 2706 4803
3 9393 9941 1218
3 7747 9987 2927
4 5250 2260 6460 7307
4 1545 7509 5792 6658
3 4857 7140 2916
3 672 4945 7649
3 9952 1499 2846
3 704 9228 936
2 2353 2671
3 1348 6569 1080
4 1128 5019 3566 7125
4 1993 6235 8683 1082
4 2354 6337 3765 9219
2 9300 8994
4 2332 7113 5979 1997
4 5649 5810 4233 6731
3 5096 6420 5824
2 43 3557
4 4259 6150 5047 7230
4 7644 1571 4651 3135
2 2924 6730
3 9331 9756 4599
3 4726 2684 3977
4 9602 4148 7147 2788
2 3834 3773
3 9589 7625 9019
2 9475 9500
3 5890 3906 8150
2 3622 7474
4 4366 4381 7945 4870
3 4311 5933 4015
3 483 5116 4746
3 6481 9790 15
4 5530 4453 9698 4066
4 7231 7587 382 2095
2 150 4957
2 1834 5504
3 3767 9043 2615
2 2407 9264
3 7546 6597 6782
3 7277 9543 4241
2 7998 2317
2 8771 4285
4 2172 3747 1750 977
4 3400 4956 670 2015
2 7935 7037
2 2213 5417
4 9128 9126 2413 6604
2 5559 2677
3 8512 345 3260
4 2808 5954 3844 5651
3 7449 4923 5130
2 3175 3280
2 8169 2750
4 2205 9519 8934 3996
4 6987 7637 9304 7063
4 8446 9382 7105 8744
4 3143 1506 5335 7575
2 8773 8710
2 6498 2972
4 7148 2208 1862 506
3 947 8966 5562
2 3925 7904
2 3884 9391
4 610 709 4093 2133
4 2436 1376 7774 9855
3 2648 7295 3056
3 8381 405 3705
3 9461 9343 337
4 3946 8720 1091 2803
4 6421 2608 6784 4962
3 7741 5449 9863
2 6405 9221
4 1536 450 6695 6085
4 6883 8677 5821 7531
2 1186 2600
4 8920 2011 4323 7373
3 8613 663 3052
3 3510 7766 5591
2 9821 457
2 1463 4798
2 7399 3971
3 7712 6036 7688
4 8081 1478 7074 9106
4 5541 3404 4424 9082
2 411 272
2 3593 8731
3 9560 9323 8213
3 9800 5361 3123
3 3499 6995 6740
4 5870 8125 2891 7573
3 7757 5298 7559
4 8808 2986 1364 7187
3 3098 3461 1398
4 3115 9344 4409 4203
4 1035 7445 1222 7181
4 6475 7824 5436 2426
4 1937 8549 5102 9132
3 4214 5258 9906
4 4859 3023 7528 7744