1628
4 5357 5121 8148 6404
4 421 5913 8197 6255
4 5583 8785 6584 3629
4 9906 3987 8873 5231
4 1737 7529 4386 2094
4 9487 5796 1756 2584
4 59 2589 8754 998
4 2395 2861 6735 6312
4 6655 7923 7710 7569
4 7704 7444 6632 7262
4 5515 9612 8452 7796
4 2489 398 8407 5905
4 1729 9004 6459 8603
4 820 3626 1248 9213
4 7549 7064 9529 5886
4 4848 8733 8189 6839
4 9354 8437 4194 4233
4 4449 5744 847 1287
4 4318 4574 8479 6476
4 9483 6823 5416 9620
4 3904 604 2545 9383
4 7108 5427 2061 4004
4 3697 973 7792 9131
4 1396 2155 4041 4100
4 370 9247 9618 5363
4 6639 3135 4631 4863
4 4644 1524 44 4695
4 2222 2843 8284 2752
4 7168 2687 8854 2117
4 5570 453 1561 9765
4 7100 3505 4036 674
4 8775 8287 3295 2932
4 461 1423 3273 7936
4 8004 5616 2096 3015
4 6640 3715 5918 2345
4 1385 8591 666 3420
4 9813 6762 2598 2331
4 5090 1556 2935 5592
4 5251 3825 1114 8119
4 6668 6756 8384 1081
4 9959 5001 864 1388
4 1677 4147 8689 5526
4 9818 948 6196 6613
4 7525 9888 5211 4106
4 5989 683 8911 8240
4 3942 8320 936 5052
4 9128 5083 3149 2968
4 4473 3484 7369 7863
4 1492 876 4579 7577
4 8585 132 2819 2246
4 8777 8814 2459 4670
4 7819 962 371 7939
4 2723 752 7950 2064
4 7368 110 8641 3176
4 8837 8991 8636 9256
4 3457 2728 7290 1101
4 8392 4808 5651 2548
4 7208 7101 2212 5791
4 2196 684 7259 5602
4 9267 2475 3656 1013
4 281 63 2499 4916
4 6240 714 6170 7945
4 9614 4090 1491 7937
4 9019 3024 3096 1004
4 9894 839 3647 7834
4 5048 3765 3302 8639
4 7198 5945 8152 1707
4 4961 1115 6677 2008
4 4405 4685 1734 384
4 9965 2124 3272 7515
4 1233 9986 3795 7135
4 5042 7201 4702 4917
4 9295 2141 6782 2080
4 7104 2070 7927 3499
4 5101 4430 4957 1341
4 6495 2558 8058 2686
4 5773 854 1164 1830
4 2115 49 6702 7757
4 4322 7896 7825 4886
4 4925 443 1071 5046
4 5214 6381 4964 6107
4 7409 8063 2922 6176
4 4788 3463 1146 9305
4 5653 976 9307 5295
4 7961 7202 4135 818
4 9568 4983 3047 4509
4 7313 5772 82 2964
4 8612 4874 6252 3940
4 3792 5383 7595 4940
4 5982 636 3896 3678
4 2727 5713 7136 4406
4 2274 8485 2228 8608
4 8338 3228 9527 6168
4 3566 1210 3293 7540
4 1353 3309 887 7543
4 1214 6550 7305 1203
4 5310 8322 4240 9433
4 7516 594 5219 8465
4 71 8745 2456 9795
4 9129 6935 9866 4131
4 7551 5625 7 9690
4 1671 1955 3607 1988
4 7145 1418 1851 47
4 4185 3437 9 7579
4 8116 4141 3142 4167
4 7326 1450 3042 8851
4 3114 1322 766 9539
4 9552 1094 5873 7359
4 4637 532 5652 4561
4 992 1742 2259 2481
4 7231 1934 3686 3844
4 1713 4655 7583 1895
4 5006 336 727 8803
4 9525 5494 6129 4657
4 7715 8553 2759 723
4 4074 2962 4847 3072
4 9263 7083 7447 3357
4 6957 4112 7032 8375
4 4475 8250 62 2293
4 9917 9235 4102 8387
4 9532 2982 1050 954
4 7088 4374 7308 8332
4 8736 1946 3337 4076
4 2045 2736 859 6178
4 3519 9196 3196 2342
4 7648 6611 4320 7196
4 213 6882 5163 4912
4 9946 8767 8193 850
4 8010 18 6547 9063
4 1591 1724 1568 1812
4 2726 9119 3155 4402
4 7725 5904 3170 2652
4 4619 2340 2828 3781
4 2060 4638 9106 7643
4 3689 4235 2749 9966
4 5172 3672 5686 8397
4 8644 586 4995 9576
4 2544 9747 1433 5931
4 4490 5729 2642 7851
4 6558 1621 7494 7545
4 3775 8601 120 2628
4 2085 6534 9344 3475
4 332 6038 3542 201
4 3757 8478 1763 6571
4 5366 4139 6567 3257
4 6913 774 4959 2300
4 8138 403 7148 3112
4 4550 7464 6134 2870
4 7814 8259 3889 3593
4 5156 2323 6927 6537
4 9542 4150 2308 328
4 8186 2795 58 4390
4 9302 5777 8997 2862
4 4244 2213 3376 3451
4 676 4058 6467 7862
4 9713 7079 9151 8267
4 9275 5081 7445 8115
4 9559 2814 2036 4480
4 8865 1383 8242 4044
4 8187 8233 9528 3840
4 9900 9320 446 8849
4 7316 3869 6171 6050
4 7451 3648 9243 7166
4 3708 2123 1711 2305
4 8506 5845 1049 5096
4 7703 5609 6147 3583
4 8616 2160 2243 9873
4 7673 1160 11 778
4 3842 7944 2267 7267
4 8079 3950 1839 333
4 1936 2313 9605 4284
4 8094 5540 3126 373
4 3526 1552 9921 6359
4 8430 654 7385 5359
4 8101 8167 9374 9514
4 4837 245 8509 5136
4 1136 1509 3106 4902
4 6123 2985 8286 3618
4 2023 5854 7008 6777
4 3913 2282 8367 9289
4 5324 2920 2535 9784
4 7726 7953 2944 6580
4 8036 7466 4551 1231
4 687 6300 7522 5209
4 6842 4498 3899 3632
4 3745 1767 1845 9856
4 706 2817 8751 3253
4 6481 9722 9340 7756
4 7922 7026 6989 4690
4 2674 8348 463 6582
4 1427 9283 7920 2941
4 65 2203 177 9691
4 6060 8563 6985 1096
4 8701 1359 5622 7212
4 5600 9942 8834 2994
4 2718 6638 7700 7050
4 9732 2162 8047 8346
4 8026 3229 9649 1085
4 3002 4965 4151 2571
4 593 8721 4516 9111
4 5919 780 1357 6477
4 3083 2572 1996 6329
4 8697 7209 9366 6313
4 9252 717 3368 251
4 8253 2364 2619 4352
4 9778 103 1336 6363
4 745 4951 522 9751
4 5962 565 8839 6226
4 3485 1861 6316 8811
4 1372 2802 9779 4259
4 877 2351 4582 9123
4 3356 6602 8477 1976
4 4351 5891 67 6426
4 2112 2647 8199 709
4 5909 9365 7671 1001
4 9154 3089 645 9585
4 7119 257 7330 2536
4 6994 8614 214 9806
4 3443 9325 2905 7489
4 9124 2095 5492 8200
4 7629 5793 5239 1817
4 2009 1340 7981 5665
4 6 1787 1510 7613
4 171 6415 3214 3062
4 4884 5593 60 750
4 3379 7911 4134 9546
4 1202 4557 9974 9968
4 8626 4293 4867 8501
4 1200 8947 9930 9511
4 4477 8003 6914 5330
4 4357 1344 5518 9545
4 3496 9443 1701 8835
4 3308 8163 188 5244
4 9363 2957 6297 7344
4 2486 6666 924 1717
4 5544 8529 5149 1505
4 1820 7934 3750 5332
4 8779 1740 1975 4222
4 6956 6342 5733 6188
4 5236 7057 8658 1800
4 7391 321 4711 4727
4 5991 296 8040 9166
4 8651 1364 4717 9962
4 4977 1564 1351 4331
4 2776 7153 7210 2043
4 7677 3730 9419 1522
4 2575 7439 1883 1747
4 8431 4696 8449 7647
4 7415 5970 4161 2245
4 5758 5529 1965 8722
4 4572 8056 7972 1249
4 3120 8990 9341 2509
4 9426 8915 6419 6738
4 791 3473 7699 5808
4 9550 2573 3579 7748
4 5131 5028 9397 7250
4 4415 85 5488 5728
4 8579 3087 902 96
4 5835 6616 2265 1743
4 5683 767 1061 8866
4 8418 7824 55 8548
4 6042 1714 3655 6410
4 5074 6144 301 6192
4 9569 5155 8470 8487
4 6627 5720 1889 8625
4 6273 631 3306 385
4 1673 7524 3834 8702
4 8607 773 3830 3673
4 3845 264 9572 797
4 2952 3223 2089 1636
4 1523 197 9853 2809
4 9629 9626 6742 6377
4 9566 6336 4367 4137
4 4870 4960 9048 9250
4 1178 3137 9797 8659
4 6309 1508 1948 5375
4 5553 3167 7436 3905
4 8132 1476 884 8707
4 3978 4043 9718 6058
4 2055 407 875 3870
4 8183 7567 6198 4861
4 7155 1810 3001 3557
4 4600 2612 4079 2353
4 5610 4649 278 7253
4 730 6747 5308 4524
4 8671 3791 6384 3885
4 3271 1228 6769 2912
4 8923 9689 9843 4706
4 9952 8940 1912 6028
4 4200 9265 3367 9271
4 9746 283 432 8204
4 9871 9078 7443 7118
4 5476 3944 7302 6578
4 3857 2000 1429 8677
4 3 8297 915 1853
4 8172 5170 6012 1483
4 6662 9507 6146 3561
4 6010 7412 7095 556
4 3997 8683 8670 8453
4 1140 6981 5803 9755
4 7880 5207 1040 4607
4 4532 8442 1720 4474
4 4179 5203 1587 2927
4 3278 4469 9695 7319
4 6364 263 5849 6757
4 836 8929 6444 7617
4 7103 6110 3022 8239
4 6483 1708 7296 1037
4 3028 1378 1998 5627
4 7978 3728 8964 1681
4 7696 513 7861 2877
4 6320 4883 4617 4565
4 7618 5174 6370 2585
4 3508 464 4307 4871
4 1224 8932 1253 1542
4 634 6498 9908 2937
4 8168 8895 1116 1073
4 7603 8750 7536 9359
4 3518 3736 3375 2939
4 5197 3037 559 6367
4 3877 3248 7759 1684
4 9464 5902 8956 9599
4 8692 5785 8328 1117
4 4786 1923 1484 3511
4 3362 8524 4439 1571
4 1526 1154 2627 6220
4 4038 1152 137 2488
4 7870 8637 3892 3853
4 4361 520 5823 2566
4 9880 6296 4975 3544
4 4627 5462 4292 174
4 5278 4521 9425 8466
4 9197 3107 1712 7823
4 7678 1833 916 6605
4 2798 3055 7178 4946
4 2592 970 9907 9961
4 7692 172 2600 4668
4 9769 6938 5446 5705
4 3691 6231 1726 17
4 6656 1261 8516 5441
4 5839 7463 3769 2106
4 5547 7130 846 5998
4 5341 7255 6389 6965
4 6256 5941 5250 56
4 6577 9014 9984 3516
4 1361 5548 6856 7218
4 5378 5503 2716 3746
4 2185 9350 844 9895
4 7238 529 4663 4731
4 7215 145 1122 3969
4 2368 10 688 208
4 760 9092 8714 8824
4 7363 7740 6715 1570
4 4604 1234 117 4527
4 3050 9741 1430 5151
4 8931 6526 1487 4093
4 8363 6540 5271 1827
4 5563 1765 2165 3134
4 738 9121 7518 6266
4 451 525 912 7149
4 9168 5118 5579 6205
4 6752 3258 9214 7624
4 6583 3540 5649 5864
4 1601 926 8833 164
4 923 6133 6396 9182
4 9597 9161 139 4230
4 7778 8059 4990 5875
4 5325 1197 2407 7346
4 2766 9390 4491 6052
4 4636 8081 3104 9450
4 1963 7558 2649 8198
4 8673 2007 6451 642
4 2295 2221 211 297
4 8161 5017 7839 2125
4 5948 5013 5056 7152
4 5007 1648 9246 8874
4 2484 8044 2804 5899
4 1589 480 2309 7983
4 9594 995 2127 6623
4 8650 5574 7318 7041
4 7499 1010 7204 3480
4 3674 8293 2836 7151
4 9849 628 6645 8617
4 6149 6102 8305 3029
4 4126 9490 28 8652
4 2879 2848 6680 3239
4 9135 1825 87 2590
4 2555 656 5879 2811
4 9719 1866 7752 1015
4 8247 3276 1876 6721
4 3932 1847 6157 2872
4 9588 7278 8653 8527
4 6215 9471 178 7954
4 3828 5513 289 2226
4 3608 6731 2516 206
4 9776 9580 4555 4671
4 9414 8606 1620 5487
4 6036 3973 4650 307
4 8609 9286 4170 1943
4 1735 900 3692 597
4 6193 931 6703 7888
4 4859 1393 1856 6152
4 3677 1056 1464 8434
4 9852 7375 1159 4496
4 5824 9499 6350 1205
4 2538 9382 589 5061
4 8134 5815 3132 1994
4 6685 4573 4522 1311
4 590 5981 1129 8258
4 9276 3808 3891 6443
4 6531 2697 9799 2999
4 3527 1260 5559 4054
4 1819 8537 4933 834
4 1632 6206 7764 151
4 6111 9637 1874 2428
4 5058 3092 2190 7105
4 4792 6984 142 9407
4 8468 1718 53 7475
4 6741 3895 9241 7413
4 2732 290 9748 7875
4 1877 9238 8035 124
4 8684 4725 3980 4716
4 8342 6053 3573 7841
4 5094 1642 9602 947
4 8967 1562 7777 2490
4 7734 9326 4814 1821
4 7542 1888 8578 7610
4 6228 1884 9165 4611
4 4997 4857 9714 4865
4 236 7512 4187 735
4 9675 4692 3924 5671
4 6306 7361 4661 253
4 4055 8032 7219 2765
4 2091 5644 4442 9730
4 7884 1704 5710 6932
4 5418 3558 1837 7406
4 5371 4091 9864 4703
4 9761 9376 6326 9650
4 9530 7286 8907 4774
4 6676 6651 9016 1595
4 6628 4989 5517 4066
4 4592 5235 4506 2241
4 3297 7659 6849 6155
4 4875 9896 1440 6557
4 2020 8123 1598 7733
4 1445 5794 2565 2806
4 540 4904 4089 5020
4 5044 7090 362 8176
4 4381 4363 534 6365
4 3912 1282 8423 2254
4 2854 7003 5035 2375
4 648 7662 4926 9976
4 9523 1023 4412 9429
4 7526 6827 6733 2887
4 3945 3654 898 6976
4 3839 4771 1339 4773
4 3802 8241 9922 2461
4 7594 3531 6794 3553
4 7074 4410 7993 3760
4 4656 6366 404 1723
4 2400 4559 8333 358
4 7382 5530 9453 6800
4 5916 5474 3567 7374
4 4064 7432 2081 7037
4 3498 2457 5355 960
4 6673 3906 6436 2320
4 6289 5389 210 9848
4 3422 3641 7683 1471
4 2006 8597 1467 8432
4 1406 5898 9368 9988
4 9220 7356 1533 689
4 1332 5336 4879 147
4 9456 8861 146 8648
4 7914 5457 9468 7821
4 6988 2783 3145 6778
4 6076 489 8894 6857
4 8019 2907 7818 2401
4 6361 5178 7785 7419
4 4495 6514 4639 7310
4 1584 4478 1422 7768
4 622 5086 9879 6490
4 33 2381 3718 4720
4 8938 8715 7534 7917
4 8889 3323 9684 4766
4 8376 4375 5489 5869
4 1609 7426 9361 6784
4 909 5551 7530 7943
4 9043 7249 1529 8150
4 8153 9561 3244 4011
4 6528 3617 9192 3704
4 5633 8845 396 9703
4 2462 3582 9726 4026
4 2389 4452 1021 9072
4 8898 8954 1930 562
4 8043 7175 2260 8238
4 7230 3882 3983 6870
4 5856 6340 5901 6649
4 2874 3595 6208 3559
4 2398 9631 8823 5461
4 7592 6016 3299 5255
4 3914 2129 5776 8679
4 8299 4953 7990 3153
4 6585 5467 5085 7116
4 4057 8425 7770 6202
4 3352 9971 150 3749
4 1922 9122 3339 7480
4 1512 198 8325 9062
4 9222 835 9143 2134
4 7013 5380 39 7809
4 5920 3966 1090 2191
4 5865 8712 6466 804
4 3371 7454 8746 5522
4 1952 7010 5556 359
4 635 9549 4907 4202
4 6380 6834 4823 9734
4 5832 5724 2705 7956
4 4467 512 9667 1507
4 3985 32 4704 3188
4 1886 7966 5531 3428
4 9802 9868 7689 6724
4 9221 9183 2707 1822
4 8682 8519 3075 3322
4 7596 4887 4124 3129
4 9828 9091 4016 7964
4 9606 3564 5615 711
4 3136 6184 3811 6700
4 7221 5896 2343 6574
4 7220 6421 1347 2924
4 5908 1761 2148 6243
4 4640 3011 4208 3724
4 2277 9173 8263 9096
4 678 149 5566 6873
4 45 6446 1256 2278
4 8276 7876 9573 313
4 7970 5756 8196 8908
4 7731 3694 8264 1100
4 7186 3991 4514 5205
4 6705 170 2198 849
4 2167 5584 1047 9891
4 300 3121 5047 8632
4 6811 0 6203 2024
4 6264 6637 5164 8562
4 6160 4465 5954 611
4 5451 5939 2495 2983
4 1382 6553 3681 6522
4 9459 2467 7984 9038
4 6248 6681 4659 3818
4 3020 471 6726 2367
4 9978 6903 7424 1174
4 9752 4335 6015 9987
4 8752 8133 7975 8801
4 8517 2672 4215 7425
4 8027 4949 1181 4708
4 6659 6942 5721 9068
4 5277 9299 1157 1044
4 5166 9583 1199 9328
4 1908 6648 5240 6017
4 9996 6596 5040 8202
4 7386 1569 3203 8711
4 5657 2875 3226 5813
4 9210 7727 9633 1593
4 5947 5860 4419 2702
4 4992 8222 8143 3412
4 4340 1411 825 6022
4 1179 1106 1668 433
4 7384 5362 2337 6351
4 6112 9836 7509 4511
4 5449 5763 708 7500
4 3127 737 3517 4052
4 541 8210 4456 5173
4 7521 5836 2062 1616
4 6719 2506 4958 9721
4 4790 5536 204 3894
4 8160 6246 1381 8810
4 6478 9486 4286 514
4 3563 8413 5157 6492
4 3031 8696 4206 2954
4 1840 2296 5730 889
4 8864 8863 8667 355
4 8828 5496 6864 3105
4 7555 1400 7877 7633
4 2601 6713 4092 2578
4 2025 8006 2746 9187
4 8336 1768 465 8139
4 4359 6275 968 4742
3 2120 7751 9935
3 1751 9920 5198
3 608 8977 2329
3 9995 4943 9198
3 2762 4188 8031
3 6280 3596 8454
3 6051 6960 430
3 5872 1535 2159
3 3330 8919 4801
3 2437 9269 3004
3 1409 6887 7614
3 1012 3809 919
3 70 6263 1321
3 9418 234 8089
3 5368 9519 3657
3 4858 955 3311
3 4228 3926 8215
3 3972 7397 1640
3 3235 2033 5082
3 1843 7729 2661
3 530 9768 7995
3 9716 7924 456
3 9600 4000 270
3 9028 9332 6698
3 6576 8137 3956
3 5751 5606 1750
3 1062 431 9538
3 131 6964 620
3 9767 978 6003
3 9699 5208 9201
3 9446 8401 2786
3 6097 97 7663
3 6008 4046 9584
3 3939 2193 9431
3 2949 4534 7407
3 8876 2977 8447
3 2604 372 3590
3 1939 500 1036
3 1330 5986 9656
3 9086 1259 8180
3 7170 439 8822
3 6890 6835 2772
3 6761 6824 673
3 6161 5191 3212
3 4796 1744 4221
3 4301 9398 2072
3 2632 6844 8383
3 1980 7991 6565
3 136 9944 2713
3 7457 6137 6352
3 5482 4798 8326
3 5245 1796 1649
3 4942 3280 2074
3 2694 1318 240
3 2514 8568 885
3 2102 8859 5666
3 1519 9413 5752
3 1475 9855 7674
3 8435 1961 9015
3 8252 8037 4502
3 4104 2399 6809
3 3370 956 4387
3 2595 9083 9075
3 183 6450 86
3 7895 7800 4783
3 7881 6121 6197
3 6463 5732 1538
3 4777 3793 7586
3 4635 7471 5994
3 4238 1279 3822
3 3344 7554 7812
3 3060 2207 6302
3 1694 8815 2953
3 37 7461 8900
3 9036 9009 4596
3 4839 2297 3364
3 2891 7362 7724
3 2881 1546 4595
3 1983 7320 6972
3 457 4358 458
3 8314 6963 6959
3 7410 756 8486
3 7357 5168 8093
3 5897 8353 3543
3 4400 2903 9838
3 4248 9094 7094
3 1755 9035 3951
3 602 7602 6506
3 487 9137 6915
3 9047 8930 9114
3 8766 5024 3021
3 7387 2608 3651
3 7206 4399 2596
3 6471 4339 9578
3 6311 2210 3052
3 4434 3141 4994
3 2149 335 462
3 2144 3875 6332
3 9564 9215 1536
3 6353 3347 392
3 4504 221 5066
3 2956 7889 4069
3 579 2837 1371
3 2741 2610 7850
3 2028 40 1453
3 801 9659 5181
3 4116 6175 4736
3 7078 6818 2892
3 6925 5233 6232
3 6448 3789 739
3 6127 2859 7859
3 5628 4982 4097
3 1688 4298 9709
3 1678 9993 4688
3 1161 3887 168
3 9820 2059 31
3 6148 7959 1778
3 4877 725 8028
3 2469 8438 4291
3 2412 8543 7632
3 802 842 3504
3 9651 8737 615
3 9394 6944 6473
3 7694 6229 9595
3 7557 2307 1426
3 6328 8022 4549
3 5125 9678 7742
3 5106 2683 613
3 2685 3841 4689
3 840 6725 152
3 502 8426 3318
3 9540 9223 5959
3 24 5817 4488
3 8576 6699 7395
3 7960 639 644
3 5128 2169 2101
3 3012 402 9489
3 1959 1220 511
3 393 2950 1869
3 343 8804 325
3 78 8950 7697
3 5719 9227 4880
3 5631 4787 7803
3 5558 7971 3743
3 4567 7423 793
3 1043 229 5422
3 8643 6034 1807
3 8256 848 8903
3 5882 5676 4826
3 5190 8097 1979
3 4099 2388 726
3 4031 68 6746
3 34 4855 9957
3 7994 6315 3679
3 7631 3903 7176
3 7532 6005 5881
3 7314 2242 1165
3 6952 3123 953
3 3555 1377 8571
3 2472 7430 6452
3 1080 5731 6225
3 9892 1892 640
3 9887 7132 5850
3 7581 3698 4969
3 5443 467 7666
3 4723 413 13
3 3515 8629 4811
3 1270 8398 2785
3 1167 20 3396
3 305 5212 2669
3 252 9475 6357
3 9274 2215 8663
3 6922 4047 5863
3 5951 9280 2137
3 3509 477 76
3 2304 2164 740
3 2002 1502 3621
3 1590 7826 4173
3 860 6563 6095
3 153 6189 2929
3 7496 6479 7713
3 6674 6291 5161
3 6046 3665 346
3 5950 7906 3233
3 4750 4451 9065
3 4267 9524 4078
3 57 9337 5829
3 8212 5146 2527
3 7951 4246 1369
3 7036 4554 4279
3 4922 1953 5346
3 4679 4155 6740
3 4245 649 293
3 3581 3246 8986
3 2898 2432 8952
3 2629 9830 2751
3 2358 2232 7252
3 1586 8821 3449
3 1549 7565 9157
3 414 193 5026
3 395 8456 1276
3 8206 83 2533
3 7804 949 554
3 7024 6210 3146
3 6544 2799 9526
3 6104 9313 3761
3 4662 4314 4311
3 4249 7194 8675
3 3902 937 9105
3 2019 868 3482
3 9234 5895 4564
3 4747 4030 4856
3 3838 1009 2531
3 3261 2634 9543
3 3161 1194 1084
3 2824 8229 1793
3 1650 444 568
3 1504 1286 7813
3 9294 7743 2529
3 8498 6270 3773
3 7653 7197 4767
3 7236 9333 8440
3 6630 5714 4176
3 5387 1516 8981
3 5200 3263 8277
3 4653 2668 5672
3 3806 16 6612
3 896 7018 23
3 3431 6294 1527
3 9810 7963 7490
3 9692 9635 3332
3 9496 9488 2047
3 9458 6664 1514
3 8965 6258 1532
3 5401 4398 6920
3 4501 1296 982
3 4328 3174 1250
3 3911 1032 7559
3 2303 9551 8642
3 1118 9958 9711
3 1031 8201 8727
3 9680 5237 6962
3 1416 6245 6822
3 8355 4892 6744
3 7150 4914 1986
3 6828 1891 6693
3 4841 4623 1452
3 4578 3316 6494
3 4001 2442 9251
3 3930 8179 225
3 1201 8729 2422
3 675 8289 2264
3 9260 9085 5834
3 8654 5980 4447
3 6852 5199 1606
3 6569 6430 4144
3 6510 9002 4605
3 5373 5059 5043
3 5175 4935 3824
3 4713 8067 459
3 3880 3125 2328
3 3513 1618 9022
3 2712 2143 7622
3 2671 7761 3747
3 1027 9858 8177
3 2793 6093 3099
3 9149 4775 3265
3 8918 5769 858
3 4898 4164 365
3 3407 9655 4537
3 9272 8593 7957
3 8897 7237 3570
3 8808 3147 1058
3 8235 7828 4562
3 7418 6604 6126
3 5400 115 3274
3 5097 9611 7849
3 4407 4095 8567
3 30 9181 1806
3 9985 6118 1132
3 9624 8382 6130
3 7600 3547 1951
3 6846 6600 6323
3 2402 185 6727
3 2335 1898 5831
3 123 9073 4482
3 8978 6851 4546
3 8756 8108 94
3 8472 7190 4558
3 7721 6590 2235
3 7048 6766 8388
3 6398 5098 8340
3 6002 4156 8806
3 5471 3355 2946
3 2570 576 6669
3 1978 1110 9859
3 1865 1669 2220
3 9927 7899 5442
3 9771 8753 6993
3 8393 7665 5812
3 7868 7315 6090
3 7616 7085 4325
3 7273 2240 3748
3 7247 5077 2046
3 7127 6472 4840
3 6899 4197 6223
3 6078 1639 9745
3 4694 2466 8129
3 2205 7634 6524
3 9613 9338 2582
3 8734 8372 7329
3 8572 6711 473
3 7805 5505 5041
3 7693 5944 4489
3 6304 3883 1754
3 5019 1288 3506
3 4804 3078 2216
3 3615 1848 1835
3 3587 6244 2591
3 2333 5323 516
3 8640 7460 7815
3 6774 1266 6739
3 2911 899 6356
3 2294 2105 9877
3 1774 1271 6671
3 160 9603 9013
3 9948 8573 5702
3 9003 6697 1137
3 7275 3878 6803
3 6990 6560 5613
3 5800 5621 3664
3 5460 4172 5276
3 5189 5140 2730
3 3884 3324 5641
3 2549 2234 4746
3 1849 1212 7121
3 1313 419 7123
3 1192 101 22
3 143 159 4312
3 9134 8996 2136
3 8994 3933 4255
3 8021 2754 1653
3 4308 3281 2199
3 3439 9261 2781
3 3038 9744 6064
3 2237 7686 4217
3 1086 9029 3849
3 9679 8773 3578
3 7931 499 6831
3 6581 5268 417
3 6063 5134 2390
3 5397 906 3782
3 5171 3402 2453
3 3097 6414 6035
3 1699 558 9194
3 753 9844 8411
3 9230 5523 2016
3 9008 7510 6595
3 8716 5903 4394
3 8084 5598 2852
3 6636 5426 7786
3 6023 4918 1461
3 5234 4599 1480
3 4818 4136 1170
3 4196 2268 1656
3 3873 2417 7117
3 2289 9759 8789
3 1488 1127 550
3 796 9901 5253
3 381 6261 4613
3 8793 8759 3491
3 8464 8316 8987
3 8166 8049 6096
3 7400 6132 6432
3 7233 2775 7309
3 6520 3381 5770
3 5246 3817 3131
3 4678 2621 2444
3 4630 3888 2406
3 2951 1783 7491
3 1624 1172 3334
3 1093 8618 3783
3 828 472 7788
3 219 8539 5736
3 8633 7903 6227
3 7684 6529 4910
3 6953 6517 845
3 6373 3442 1627
3 4094 3300 3262
3 3965 2731 9535
3 2334 2068 893
3 1985 1867 8165
3 1814 1404 7969
3 1665 279 3312
3 217 6180 5966
3 133 9534 9502
3 9575 7501 5313
3 7925 5391 1781
3 5972 5577 2065
3 5917 5586 4088
3 5398 3401 2711
3 4932 3721 7675
3 4487 4479 1208
3 4193 3744 2750
3 3584 2554 1801
3 2987 1836 218
3 2281 9200 7898
3 1221 8665 6417
3 610 9660 7110
3 7980 6586 5064
3 7388 5132 4894
3 7371 3445 9754
3 6812 1904 9770
3 5370 1899 990
3 5104 3539 4981
3 3927 2722 1646
3 3862 1184 8694
3 669 651 7672
3 401 9941 2947
3 9882 8638 2464
3 9846 5481 3216
3 7695 7502 5594
3 7289 7065 4544
3 5599 3411 89
3 4538 2184 8934
3 4529 3929 3124
3 4428 3076 2376
3 3947 1292 8584
3 3085 934 9156
3 2326 9209 8842
3 1716 9356 8015
3 1638 7907 5345
3 545 8525 6259
3 8268 5511 4669
3 7902 7664 3424
3 7043 6770 3017
3 6405 4628 2087
3 3807 2173 292
3 3521 2560 1935
3 1928 1683 3580
3 1299 977 771
3 1130 757 8732
3 827 249 163
3 144 9670 7608
3 9140 9089 6307
3 7744 7096 6973
3 7177 6958 6068
3 6805 6497 2480
3 6409 2022 1469
3 5122 3115 2990
3 4833 4163 1138
3 2835 2463 894
3 2567 2057 7134
3 2050 304 8853
3 1870 1120 8709
3 930 207 8273
3 9860 7223 618
3 9785 7553 8068
3 8776 7274 4842
3 7962 7014 691
3 6331 4646 3610
3 5804 5429 3941
3 4882 2011 1209
3 4553 241 157
3 4149 9491 8886
3 3313 9179 6897
3 1331 8502 6301
3 316 9225 7216
3 288 9152 6425
3 199 8409 7642
3 8298 7878 4948
3 7640 7544 2564
3 7163 6541 3186
3 5725 4392 3541
3 5514 3178 728
3 5192 2227 865
3 4337 9406 8870
3 3893 356 9647
3 3353 287 9367
3 2179 7546 7298
3 643 9710 1277
3 9863 9100 4789
3 8645 8534 4355
3 7795 7019 6904
3 7229 5718 3753
3 6513 5578 5182
3 6387 5329 4714
3 6213 5663 5254
3 5550 2805 2288
3 5206 3006 1574
3 5060 4468 1971
3 4226 1958 819
3 2418 1652 8141
3 1841 862 108
3 1227 9617 9329
3 616 9232 8310
3 9885 9553 7087
3 9870 6796 6629
3 9172 8941 8740
3 7948 6814 5658
3 6087 5952 5848
3 5825 5612 5424
3 5741 4598 3425
3 5534 4143 3798
3 4634 3536 867
3 4508 2563 186
3 3438 733 9570
3 2841 1809 7556
3 2239 2163 1495
3 784 425 5510
3 9590 9423 8564
3 9582 9158 6484
3 7349 7091 3812
3 6620 4791 4693
3 5958 5611 2689
3 5771 3712 3209
3 5573 3208 1661
3 2577 1563 226
3 2435 2201 1615
3 2344 2318 1479
3 1700 9876 9314
3 1376 800 7799
3 769 9555 8103
3 378 347 9346
3 348 9862 7365
3 8771 8309 7333
3 8321 7441 7434
3 6748 6125 4906
3 6253 4290 383
3 4986 4518 2152
3 4726 3917 1685
3 4403 1403 8064
3 1099 189 128
3 789 719 8493
3 9954 7580 7541
3 9819 7946 7459
3 9205 8086 7140
3 8347 5409 1494
3 7835 7758 7060
2 6917 6701
2 6692 5294
2 5316 4211
2 5183 4939
2 4709 2451
2 3213 1909
2 2586 1788
2 2470 1196
2 2012 441
2 1949 1235
2 1131 9737
2 958 9323
2 633 8960
2 415 349
2 8686 8282
2 8379 6457
2 8080 6456
2 6279 5343
2 5379 4996
2 5148 3949
2 3860 2878
2 3859 3784
2 3327 2550
2 2382 1993
2 2356 1799
2 1868 1679
2 1284 1230
2 1188 831
2 1180 1119
2 863 703
2 361 291
2 203 9372
2 9999 7807
2 8875 7965
2 8726 8406
2 8412 7669
2 7507 7479
2 6843 5694
2 5779 4621
2 5410 3821
2 3247 1818
2 2498 2384
2 2483 2035
2 1732 509
2 1611 1335
2 1323 782
2 1105 388
2 935 693
2 405 4
2 280 8970
2 9807 7307
2 9663 8985
2 9102 8955
2 8784 7753
2 8410 6233
2 7251 6085
2 6407 4734
2 5833 5699
2 5051 4675
2 4950 4632
2 4664 4633
2 4344 4330
2 4254 3787
2 3394 2789
2 2579 2324
2 2378 1135
2 1133 922
2 1111 1046
2 1074 9742
2 268 9724
2 258 200
2 227 8791
2 9701 7791
2 9636 8523
2 9604 7667
2 8461 6635
2 6983 6500
2 5977 5844
2 5356 4461
2 4979 4107
2 3922 3389
2 3639 3386
2 3292 2942
2 2541 2405
2 2386 2311
2 2373 2086
2 1987 811
2 1553 1029
2 983 318
2 662 9186
2 376 9644
2 9717 8731
2 9632 9162
2 9557 9533
2 9148 8602
2 8491 8374
2 8164 7092
2 7399 6434
2 7322 6371
2 6158 5327
2 5177 5005
2 4425 3827
2 4371 794
2 3385 3199
2 2715 2676
2 2508 2410
2 2030 491
2 741 173
2 342 9773
2 9342 8872
2 8725 7992
2 8136 7706
2 7820 7627
2 7340 6254
2 6647 6420
2 6242 5885
2 5413 5266
2 5187 4369
2 4810 3866
2 4273 4220
2 3819 3756
2 3008 2883
2 2825 872
2 1992 1918
2 1534 9609
2 621 409
2 9977 7832
2 9282 7069
2 8857 7636
2 7712 7228
2 6678 5957
2 5643 5399
2 5210 5073
2 4978 4435
2 4651 1969
2 4323 3935
2 3799 3267
2 3794 2934
2 3225 2747
2 1897 1705
2 1554 1415
2 1439 1206
2 1329 1045
2 1063 984
2 917 821
2 195 9362
2 148 9159
2 69 9963
2 9327 8879
2 8758 7938
2 8728 8613
2 7736 7408
2 7547 7393
2 7276 7033
2 7264 6480
2 7243 7093
2 7165 6499
2 6234 6174
2 5979 5853
2 5883 5840
2 5470 5265
2 5361 5167
2 5045 4807
2 4535 4356
2 4260 4237
2 4214 4032
2 4103 3227
2 3620 3144
2 3474 3058
2 3466 2873
2 2884 2803
2 2503 2427
2 2172 2166
2 1731 1610
2 901 605
2 652 508
2 483 9787
2 437 9070
2 435 9011
2 312 9822
2 9775 8778
2 8780 8570
2 8770 8535
2 8507 8142
2 8395 7915
2 7793 7588
2 7416 7097
2 7172 6901
2 6841 6654
2 6675 5745
2 6077 5508
2 5350 4758
2 5340 4860
2 4822 4372
2 4224 3636
2 2996 2500
2 2425 987
2 2330 1654
2 1305 9749
2 194 179
2 9415 8117
2 9380 8877
2 8786 8311
2 8144 7789
2 7639 7059
2 7427 6187
2 6853 4972
2 4891 4890
2 4732 3984
2 4577 3082
2 3879 3530
2 3476 2206
2 2769 1142
2 2556 2170
2 596 184
2 303 111
2 209 192
2 118 9571
2 9931 9421
2 9264 9218
2 8975 8405
2 8961 8361
2 8417 7942
2 8224 8038
2 8114 7883
2 7856 7578
2 7561 7098
2 7086 6141
2 6128 5557
2 5279 4376
2 5107 4285
2 5067 3777
2 4175 3189
2 3044 2520
2 1831 729
2 1728 1614
2 482 478
2 9556 9436
2 8272 8244
2 8135 7741
2 8061 7590
2 7075 6411
2 6902 6308
2 6614 5993
2 6156 4724
2 5983 5747
2 5906 4952
2 5696 4523
2 3727 3717
2 3716 2974
2 3493 1972
2 2812 2808
2 2771 2512
2 2485 1695
2 1517 121
2 1485 9031
2 908 274
2 230 9793
2 8530 8462
2 8075 7187
2 8009 7045
2 8002 7847
2 7606 7483
2 7077 6937
2 6833 6720
2 6682 6559
2 6177 5483
2 5504 4699
2 4899 4470
2 4232 3685
2 2098 2039
2 1625 1350
2 1496 781
2 156 8797
2 9736 9126
2 8880 8698
2 8561 8542
2 8500 7864
2 8220 8045
2 8110 8011
2 7730 6607
2 7017 6545
2 6429 6265
2 6428 5870
2 5727 5617
2 5533 5304
2 5213 4845
2 4333 4098
2 4063 2602
2 3635 2827
2 2532 1937
2 2272 2271
2 2110 1749
2 1283 1226
2 1177 507
2 833 574
2 424 311
2 256 61
2 9686 9498
2 9457 8868
2 9357 9301
2 8635 8556
2 8494 8159
2 7550 7533
2 7404 7248
2 7337 5938
2 7068 5382
2 6971 5260
2 6026 5377
2 5783 5262
2 5158 4980
2 5023 4966
2 4913 4588
2 4876 4427
2 4440 4297
2 3690 3307
2 3108 2447
2 3059 3053
2 3023 1917
2 2657 1984
2 2298 2231
2 1804 1753
2 1696 1326
2 1634 1513
2 1501 1171
2 1006 795
2 866 682
2 428 81
2 9932 9521
2 9910 9296
2 9007 8924
2 8850 8441
2 8473 8190
2 7929 7833
2 7830 7711
2 7682 7292
2 7367 7139
2 7138 7030
2 7022 6998
2 6551 6293
2 6539 6075
2 5907 5480
2 5754 5008
2 4305 4262
2 3993 3469
2 3268 2252
2 1789 1703
2 1622 903
2 1166 959
2 803 9823
2 538 406
2 8968 8592
2 8555 7453
2 7584 7514
2 7067 6237
2 6617 6412
2 6257 6021
2 6098 5910
2 5632 5472
2 5585 3846
2 4770 3534
2 4591 3205
2 3361 2900
2 3266 2673
2 2583 2393
2 2357 2310
2 1932 1762
2 1307 182
2 1275 9698
2 9577 9044
2 9548 7129
2 9042 7523
2 7688 7281
2 7102 6859
2 6848 6799
2 6533 6519
2 6393 5281
2 5926 5900
2 5693 4923
2 5010 4893
2 4851 4453
2 4843 4060
2 4830 4283
2 4793 4048
2 4019 3963
2 3854 3416
2 3705 3154
2 3286 2645
2 2138 1824
2 1191 1149
2 668 603
2 658 9914
2 9861 9411
2 9311 8001
2 9297 8541
2 9189 8085
2 7985 7071
2 7658 6961
2 7574 6643
2 7000 6222
2 6454 5430
2 6040 5640
2 5100 4571
2 4911 4236
2 3994 3810
2 3803 3611
2 3591 3382
2 3169 2546
2 2961 2928
2 2899 2664
2 2385 2026
2 1878 1770
2 1612 1190
2 921 452
2 698 341
2 275 224
2 25 9972
2 9554 9270
2 9229 9204
2 9146 9059
2 9101 8554
2 8334 8231
2 8000 7852
2 7890 7782
2 6923 6862
2 6592 6509
2 6334 6290
2 6195 6185
2 6119 6031
2 5838 5828
2 5809 4691
2 5538 3696
2 4009 3990
2 3719 3619
2 3523 3454
2 2709 2662
2 2656 2280
2 2153 1302
2 1775 972
2 886 746
2 659 582
2 526 319
2 468 238
2 54 9825
2 27 9933
2 9720 9024
2 8118 7261
2 8109 8034
2 7504 7488
2 7011 6772
2 6850 6516
2 6491 6283
2 6391 5386
2 6199 3754
2 5635 5549
2 4821 4525
2 4209 2038
2 3413 3156
2 2980 1777
2 2525 1873
2 1667 1134
2 1316 412
2 999 180
2 9400 9150
2 9336 8757
2 8546 8344
2 8508 5697
2 8318 8098
2 7222 6792
2 6163 5949
2 5859 5778
2 5257 5227
2 5014 4987
2 4705 4556
2 4581 4252
2 4520 4132
2 4174 3843
2 4034 3645
2 3383 2010
2 2758 1880
2 2154 1725
2 1308 422
2 1237 9321
2 1087 573
2 379 9929
2 9833 9164
2 9638 8511
2 7921 7882
2 7822 7183
2 7042 6631
2 7005 5619
2 5820 5539
2 5527 5466
2 5406 5342
2 5153 5029
2 5108 5049
2 4976 4438
2 4062 3788
2 3643 3546
2 3628 3340
2 3201 2733
2 2858 2706
2 2431 1964
2 1915 1664